{"/home/thiago/Documentos/Trybe/ExerciciosTrybe/ProjetoTrybe/DesafioTecnico/back-end/index.ts":{"path":"/home/thiago/Documentos/Trybe/ExerciciosTrybe/ProjetoTrybe/DesafioTecnico/back-end/index.ts","statementMap":{"0":{"start":{"line":2,"column":22},"end":{"line":4,"column":1}},"1":{"start":{"line":3,"column":4},"end":{"line":3,"column":62}},"2":{"start":{"line":5,"column":0},"end":{"line":5,"column":62}},"3":{"start":{"line":6,"column":0},"end":{"line":6,"column":38}},"4":{"start":{"line":7,"column":16},"end":{"line":7,"column":51}},"5":{"start":{"line":8,"column":23},"end":{"line":8,"column":82}},"6":{"start":{"line":9,"column":18},"end":{"line":9,"column":68}},"7":{"start":{"line":10,"column":18},"end":{"line":10,"column":67}},"8":{"start":{"line":11,"column":12},"end":{"line":11,"column":56}},"9":{"start":{"line":12,"column":19},"end":{"line":12,"column":71}},"10":{"start":{"line":13,"column":0},"end":{"line":13,"column":42}},"11":{"start":{"line":14,"column":11},"end":{"line":14,"column":15}},"12":{"start":{"line":15,"column":0},"end":{"line":15,"column":40}},"13":{"start":{"line":16,"column":16},"end":{"line":16,"column":52}},"14":{"start":{"line":17,"column":18},"end":{"line":17,"column":53}},"15":{"start":{"line":18,"column":21},"end":{"line":18,"column":62}},"16":{"start":{"line":19,"column":10},"end":{"line":19,"column":65}},"17":{"start":{"line":20,"column":0},"end":{"line":20,"column":12}}},"fnMap":{"0":{"name":"(anonymous_0)","decl":{"start":{"line":2,"column":56},"end":{"line":2,"column":57}},"loc":{"start":{"line":2,"column":71},"end":{"line":4,"column":1}},"line":2}},"branchMap":{"0":{"loc":{"start":{"line":2,"column":22},"end":{"line":4,"column":1}},"type":"binary-expr","locations":[{"start":{"line":2,"column":23},"end":{"line":2,"column":27}},{"start":{"line":2,"column":31},"end":{"line":2,"column":51}},{"start":{"line":2,"column":56},"end":{"line":4,"column":1}}],"line":2},"1":{"loc":{"start":{"line":3,"column":11},"end":{"line":3,"column":61}},"type":"cond-expr","locations":[{"start":{"line":3,"column":37},"end":{"line":3,"column":40}},{"start":{"line":3,"column":43},"end":{"line":3,"column":61}}],"line":3},"2":{"loc":{"start":{"line":3,"column":12},"end":{"line":3,"column":33}},"type":"binary-expr","locations":[{"start":{"line":3,"column":12},"end":{"line":3,"column":15}},{"start":{"line":3,"column":19},"end":{"line":3,"column":33}}],"line":3}},"s":{"0":1,"1":6,"2":1,"3":1,"4":1,"5":1,"6":1,"7":1,"8":1,"9":1,"10":1,"11":1,"12":1,"13":1,"14":1,"15":1,"16":1,"17":1},"f":{"0":6},"b":{"0":[1,1,1],"1":[5,1],"2":[6,6]},"inputSourceMap":{"version":3,"file":"/home/thiago/Documentos/Trybe/ExerciciosTrybe/ProjetoTrybe/DesafioTecnico/back-end/index.ts","sources":["/home/thiago/Documentos/Trybe/ExerciciosTrybe/ProjetoTrybe/DesafioTecnico/back-end/index.ts"],"names":[],"mappings":";;;;;;AAAA,oDAA2C;AAC3C,mFAA6D;AAC7D,qEAA+C;AAC/C,oEAA8C;AAC9C,yDAAmC;AACnC,wEAAkD;AAErC,QAAA,MAAM,GAAY,IAAA,iBAAO,GAAE,CAAC;AACzC,IAAM,IAAI,GAAW,IAAI,CAAC;AAEb,QAAA,GAAG,GAAG,IAAI,mBAAS,EAAE,CAAC;AAEnC,IAAM,SAAS,GAAG,IAAI,mBAAS,CAAC,WAAG,CAAC,CAAA;AACpC,IAAM,WAAW,GAAG,IAAI,oBAAU,CAAC,SAAS,CAAC,CAAC;AAC9C,IAAM,cAAc,GAAG,IAAI,wBAAc,CAAC,WAAW,CAAC,CAAC;AAEvD,IAAM,GAAG,GAAG,IAAI,aAAG,CAAC,cAAM,EAAE,IAAI,EAAE,cAAc,CAAC,CAAC;AAElD,GAAG,CAAC,KAAK,EAAE,CAAC","sourcesContent":["import express, { Express } from 'express';\nimport ListController from './src/Controller/ListController';\nimport PrismaOrm from './src/helper/PrismaOrm';\nimport ListModel from './src/Model/ListModel';\nimport App from './src/Server/App';\nimport ListServer from './src/Service/ListServer';\n\nexport const server: Express = express();\nconst PORT: number = 3001;\n\nexport const orm = new PrismaOrm();\n\nconst listModel = new ListModel(orm)\nconst listService = new ListServer(listModel);\nconst listController = new ListController(listService);\n\nconst app = new App(server, PORT, listController);\n\napp.start();\n"]},"_coverageSchema":"1a1c01bbd47fc00a2c39e90264f33305004495a9","hash":"bd8110f9dee5cc9b78b66345a555209cc41d4a8e","contentHash":"1563c27a2a2f2ca368fb7afc46df07192271281c29a3dc7c738ce68b8cc7eee7"},"/home/thiago/Documentos/Trybe/ExerciciosTrybe/ProjetoTrybe/DesafioTecnico/back-end/src/Controller/ListController.ts":{"path":"/home/thiago/Documentos/Trybe/ExerciciosTrybe/ProjetoTrybe/DesafioTecnico/back-end/src/Controller/ListController.ts","statementMap":{"0":{"start":{"line":2,"column":16},"end":{"line":10,"column":1}},"1":{"start":{"line":3,"column":28},"end":{"line":3,"column":110}},"2":{"start":{"line":3,"column":91},"end":{"line":3,"column":106}},"3":{"start":{"line":4,"column":4},"end":{"line":9,"column":7}},"4":{"start":{"line":5,"column":36},"end":{"line":5,"column":97}},"5":{"start":{"line":5,"column":42},"end":{"line":5,"column":70}},"6":{"start":{"line":5,"column":85},"end":{"line":5,"column":95}},"7":{"start":{"line":6,"column":35},"end":{"line":6,"column":100}},"8":{"start":{"line":6,"column":41},"end":{"line":6,"column":73}},"9":{"start":{"line":6,"column":88},"end":{"line":6,"column":98}},"10":{"start":{"line":7,"column":32},"end":{"line":7,"column":116}},"11":{"start":{"line":8,"column":8},"end":{"line":8,"column":78}},"12":{"start":{"line":11,"column":18},"end":{"line":37,"column":1}},"13":{"start":{"line":12,"column":12},"end":{"line":12,"column":104}},"14":{"start":{"line":12,"column":43},"end":{"line":12,"column":68}},"15":{"start":{"line":12,"column":57},"end":{"line":12,"column":68}},"16":{"start":{"line":12,"column":69},"end":{"line":12,"column":81}},"17":{"start":{"line":13,"column":4},"end":{"line":13,"column":157}},"18":{"start":{"line":13,"column":138},"end":{"line":13,"column":150}},"19":{"start":{"line":14,"column":23},"end":{"line":14,"column":68}},"20":{"start":{"line":14,"column":45},"end":{"line":14,"column":65}},"21":{"start":{"line":16,"column":8},"end":{"line":16,"column":70}},"22":{"start":{"line":16,"column":15},"end":{"line":16,"column":70}},"23":{"start":{"line":17,"column":8},"end":{"line":34,"column":66}},"24":{"start":{"line":17,"column":18},"end":{"line":34,"column":66}},"25":{"start":{"line":18,"column":12},"end":{"line":18,"column":169}},"26":{"start":{"line":18,"column":160},"end":{"line":18,"column":169}},"27":{"start":{"line":19,"column":12},"end":{"line":19,"column":52}},"28":{"start":{"line":19,"column":26},"end":{"line":19,"column":52}},"29":{"start":{"line":20,"column":12},"end":{"line":32,"column":13}},"30":{"start":{"line":21,"column":32},"end":{"line":21,"column":39}},"31":{"start":{"line":21,"column":40},"end":{"line":21,"column":46}},"32":{"start":{"line":22,"column":24},"end":{"line":22,"column":34}},"33":{"start":{"line":22,"column":35},"end":{"line":22,"column":72}},"34":{"start":{"line":23,"column":24},"end":{"line":23,"column":34}},"35":{"start":{"line":23,"column":35},"end":{"line":23,"column":45}},"36":{"start":{"line":23,"column":46},"end":{"line":23,"column":55}},"37":{"start":{"line":23,"column":56},"end":{"line":23,"column":65}},"38":{"start":{"line":24,"column":24},"end":{"line":24,"column":41}},"39":{"start":{"line":24,"column":42},"end":{"line":24,"column":55}},"40":{"start":{"line":24,"column":56},"end":{"line":24,"column":65}},"41":{"start":{"line":26,"column":20},"end":{"line":26,"column":128}},"42":{"start":{"line":26,"column":110},"end":{"line":26,"column":116}},"43":{"start":{"line":26,"column":117},"end":{"line":26,"column":126}},"44":{"start":{"line":27,"column":20},"end":{"line":27,"column":106}},"45":{"start":{"line":27,"column":81},"end":{"line":27,"column":97}},"46":{"start":{"line":27,"column":98},"end":{"line":27,"column":104}},"47":{"start":{"line":28,"column":20},"end":{"line":28,"column":89}},"48":{"start":{"line":28,"column":57},"end":{"line":28,"column":72}},"49":{"start":{"line":28,"column":73},"end":{"line":28,"column":80}},"50":{"start":{"line":28,"column":81},"end":{"line":28,"column":87}},"51":{"start":{"line":29,"column":20},"end":{"line":29,"column":87}},"52":{"start":{"line":29,"column":47},"end":{"line":29,"column":62}},"53":{"start":{"line":29,"column":63},"end":{"line":29,"column":78}},"54":{"start":{"line":29,"column":79},"end":{"line":29,"column":85}},"55":{"start":{"line":30,"column":20},"end":{"line":30,"column":42}},"56":{"start":{"line":30,"column":30},"end":{"line":30,"column":42}},"57":{"start":{"line":31,"column":20},"end":{"line":31,"column":33}},"58":{"start":{"line":31,"column":34},"end":{"line":31,"column":43}},"59":{"start":{"line":33,"column":12},"end":{"line":33,"column":39}},"60":{"start":{"line":34,"column":22},"end":{"line":34,"column":34}},"61":{"start":{"line":34,"column":35},"end":{"line":34,"column":41}},"62":{"start":{"line":34,"column":54},"end":{"line":34,"column":64}},"63":{"start":{"line":35,"column":8},"end":{"line":35,"column":35}},"64":{"start":{"line":35,"column":23},"end":{"line":35,"column":35}},"65":{"start":{"line":35,"column":36},"end":{"line":35,"column":89}},"66":{"start":{"line":38,"column":0},"end":{"line":38,"column":62}},"67":{"start":{"line":39,"column":36},"end":{"line":109,"column":3}},"68":{"start":{"line":41,"column":8},"end":{"line":41,"column":39}},"69":{"start":{"line":43,"column":4},"end":{"line":55,"column":6}},"70":{"start":{"line":44,"column":8},"end":{"line":54,"column":11}},"71":{"start":{"line":46,"column":12},"end":{"line":53,"column":15}},"72":{"start":{"line":47,"column":16},"end":{"line":52,"column":17}},"73":{"start":{"line":48,"column":28},"end":{"line":48,"column":77}},"74":{"start":{"line":50,"column":24},"end":{"line":50,"column":41}},"75":{"start":{"line":51,"column":24},"end":{"line":51,"column":74}},"76":{"start":{"line":56,"column":4},"end":{"line":70,"column":6}},"77":{"start":{"line":57,"column":8},"end":{"line":69,"column":11}},"78":{"start":{"line":59,"column":12},"end":{"line":68,"column":15}},"79":{"start":{"line":60,"column":16},"end":{"line":67,"column":17}},"80":{"start":{"line":62,"column":24},"end":{"line":62,"column":104}},"81":{"start":{"line":63,"column":24},"end":{"line":63,"column":128}},"82":{"start":{"line":65,"column":24},"end":{"line":65,"column":41}},"83":{"start":{"line":66,"column":24},"end":{"line":66,"column":74}},"84":{"start":{"line":71,"column":4},"end":{"line":89,"column":6}},"85":{"start":{"line":72,"column":8},"end":{"line":88,"column":11}},"86":{"start":{"line":74,"column":12},"end":{"line":87,"column":15}},"87":{"start":{"line":75,"column":16},"end":{"line":86,"column":17}},"88":{"start":{"line":77,"column":24},"end":{"line":77,"column":43}},"89":{"start":{"line":78,"column":24},"end":{"line":78,"column":104}},"90":{"start":{"line":79,"column":24},"end":{"line":79,"column":140}},"91":{"start":{"line":81,"column":24},"end":{"line":81,"column":41}},"92":{"start":{"line":82,"column":24},"end":{"line":82,"column":53}},"93":{"start":{"line":83,"column":24},"end":{"line":85,"column":62}},"94":{"start":{"line":90,"column":4},"end":{"line":107,"column":6}},"95":{"start":{"line":91,"column":8},"end":{"line":106,"column":11}},"96":{"start":{"line":93,"column":12},"end":{"line":105,"column":15}},"97":{"start":{"line":94,"column":16},"end":{"line":104,"column":17}},"98":{"start":{"line":96,"column":24},"end":{"line":96,"column":43}},"99":{"start":{"line":97,"column":24},"end":{"line":97,"column":82}},"100":{"start":{"line":99,"column":24},"end":{"line":99,"column":41}},"101":{"start":{"line":100,"column":24},"end":{"line":100,"column":53}},"102":{"start":{"line":101,"column":24},"end":{"line":103,"column":62}},"103":{"start":{"line":108,"column":4},"end":{"line":108,"column":26}},"104":{"start":{"line":110,"column":0},"end":{"line":110,"column":33}}},"fnMap":{"0":{"name":"(anonymous_0)","decl":{"start":{"line":2,"column":44},"end":{"line":2,"column":45}},"loc":{"start":{"line":2,"column":89},"end":{"line":10,"column":1}},"line":2},"1":{"name":"adopt","decl":{"start":{"line":3,"column":13},"end":{"line":3,"column":18}},"loc":{"start":{"line":3,"column":26},"end":{"line":3,"column":112}},"line":3},"2":{"name":"(anonymous_2)","decl":{"start":{"line":3,"column":70},"end":{"line":3,"column":71}},"loc":{"start":{"line":3,"column":89},"end":{"line":3,"column":108}},"line":3},"3":{"name":"(anonymous_3)","decl":{"start":{"line":4,"column":36},"end":{"line":4,"column":37}},"loc":{"start":{"line":4,"column":63},"end":{"line":9,"column":5}},"line":4},"4":{"name":"fulfilled","decl":{"start":{"line":5,"column":17},"end":{"line":5,"column":26}},"loc":{"start":{"line":5,"column":34},"end":{"line":5,"column":99}},"line":5},"5":{"name":"rejected","decl":{"start":{"line":6,"column":17},"end":{"line":6,"column":25}},"loc":{"start":{"line":6,"column":33},"end":{"line":6,"column":102}},"line":6},"6":{"name":"step","decl":{"start":{"line":7,"column":17},"end":{"line":7,"column":21}},"loc":{"start":{"line":7,"column":30},"end":{"line":7,"column":118}},"line":7},"7":{"name":"(anonymous_7)","decl":{"start":{"line":11,"column":48},"end":{"line":11,"column":49}},"loc":{"start":{"line":11,"column":73},"end":{"line":37,"column":1}},"line":11},"8":{"name":"(anonymous_8)","decl":{"start":{"line":12,"column":30},"end":{"line":12,"column":31}},"loc":{"start":{"line":12,"column":41},"end":{"line":12,"column":83}},"line":12},"9":{"name":"(anonymous_9)","decl":{"start":{"line":13,"column":125},"end":{"line":13,"column":126}},"loc":{"start":{"line":13,"column":136},"end":{"line":13,"column":152}},"line":13},"10":{"name":"verb","decl":{"start":{"line":14,"column":13},"end":{"line":14,"column":17}},"loc":{"start":{"line":14,"column":21},"end":{"line":14,"column":70}},"line":14},"11":{"name":"(anonymous_11)","decl":{"start":{"line":14,"column":30},"end":{"line":14,"column":31}},"loc":{"start":{"line":14,"column":43},"end":{"line":14,"column":67}},"line":14},"12":{"name":"step","decl":{"start":{"line":15,"column":13},"end":{"line":15,"column":17}},"loc":{"start":{"line":15,"column":22},"end":{"line":36,"column":5}},"line":15},"13":{"name":"(anonymous_13)","decl":{"start":{"line":39,"column":36},"end":{"line":39,"column":37}},"loc":{"start":{"line":39,"column":48},"end":{"line":109,"column":1}},"line":39},"14":{"name":"ListController","decl":{"start":{"line":40,"column":13},"end":{"line":40,"column":27}},"loc":{"start":{"line":40,"column":41},"end":{"line":42,"column":5}},"line":40},"15":{"name":"(anonymous_15)","decl":{"start":{"line":43,"column":39},"end":{"line":43,"column":40}},"loc":{"start":{"line":43,"column":60},"end":{"line":55,"column":5}},"line":43},"16":{"name":"(anonymous_16)","decl":{"start":{"line":44,"column":47},"end":{"line":44,"column":48}},"loc":{"start":{"line":44,"column":59},"end":{"line":54,"column":9}},"line":44},"17":{"name":"(anonymous_17)","decl":{"start":{"line":46,"column":37},"end":{"line":46,"column":38}},"loc":{"start":{"line":46,"column":51},"end":{"line":53,"column":13}},"line":46},"18":{"name":"(anonymous_18)","decl":{"start":{"line":56,"column":38},"end":{"line":56,"column":39}},"loc":{"start":{"line":56,"column":58},"end":{"line":70,"column":5}},"line":56},"19":{"name":"(anonymous_19)","decl":{"start":{"line":57,"column":47},"end":{"line":57,"column":48}},"loc":{"start":{"line":57,"column":59},"end":{"line":69,"column":9}},"line":57},"20":{"name":"(anonymous_20)","decl":{"start":{"line":59,"column":37},"end":{"line":59,"column":38}},"loc":{"start":{"line":59,"column":51},"end":{"line":68,"column":13}},"line":59},"21":{"name":"(anonymous_21)","decl":{"start":{"line":71,"column":38},"end":{"line":71,"column":39}},"loc":{"start":{"line":71,"column":64},"end":{"line":89,"column":5}},"line":71},"22":{"name":"(anonymous_22)","decl":{"start":{"line":72,"column":47},"end":{"line":72,"column":48}},"loc":{"start":{"line":72,"column":59},"end":{"line":88,"column":9}},"line":72},"23":{"name":"(anonymous_23)","decl":{"start":{"line":74,"column":37},"end":{"line":74,"column":38}},"loc":{"start":{"line":74,"column":51},"end":{"line":87,"column":13}},"line":74},"24":{"name":"(anonymous_24)","decl":{"start":{"line":90,"column":38},"end":{"line":90,"column":39}},"loc":{"start":{"line":90,"column":64},"end":{"line":107,"column":5}},"line":90},"25":{"name":"(anonymous_25)","decl":{"start":{"line":91,"column":47},"end":{"line":91,"column":48}},"loc":{"start":{"line":91,"column":59},"end":{"line":106,"column":9}},"line":91},"26":{"name":"(anonymous_26)","decl":{"start":{"line":93,"column":37},"end":{"line":93,"column":38}},"loc":{"start":{"line":93,"column":51},"end":{"line":105,"column":13}},"line":93}},"branchMap":{"0":{"loc":{"start":{"line":2,"column":16},"end":{"line":10,"column":1}},"type":"binary-expr","locations":[{"start":{"line":2,"column":17},"end":{"line":2,"column":21}},{"start":{"line":2,"column":25},"end":{"line":2,"column":39}},{"start":{"line":2,"column":44},"end":{"line":10,"column":1}}],"line":2},"1":{"loc":{"start":{"line":3,"column":35},"end":{"line":3,"column":109}},"type":"cond-expr","locations":[{"start":{"line":3,"column":56},"end":{"line":3,"column":61}},{"start":{"line":3,"column":64},"end":{"line":3,"column":109}}],"line":3},"2":{"loc":{"start":{"line":4,"column":16},"end":{"line":4,"column":34}},"type":"binary-expr","locations":[{"start":{"line":4,"column":16},"end":{"line":4,"column":17}},{"start":{"line":4,"column":22},"end":{"line":4,"column":33}}],"line":4},"3":{"loc":{"start":{"line":7,"column":32},"end":{"line":7,"column":115}},"type":"cond-expr","locations":[{"start":{"line":7,"column":46},"end":{"line":7,"column":67}},{"start":{"line":7,"column":70},"end":{"line":7,"column":115}}],"line":7},"4":{"loc":{"start":{"line":8,"column":51},"end":{"line":8,"column":67}},"type":"binary-expr","locations":[{"start":{"line":8,"column":51},"end":{"line":8,"column":61}},{"start":{"line":8,"column":65},"end":{"line":8,"column":67}}],"line":8},"5":{"loc":{"start":{"line":11,"column":18},"end":{"line":37,"column":1}},"type":"binary-expr","locations":[{"start":{"line":11,"column":19},"end":{"line":11,"column":23}},{"start":{"line":11,"column":27},"end":{"line":11,"column":43}},{"start":{"line":11,"column":48},"end":{"line":37,"column":1}}],"line":11},"6":{"loc":{"start":{"line":12,"column":43},"end":{"line":12,"column":68}},"type":"if","locations":[{"start":{"line":12,"column":43},"end":{"line":12,"column":68}},{"start":{"line":12,"column":43},"end":{"line":12,"column":68}}],"line":12},"7":{"loc":{"start":{"line":13,"column":71},"end":{"line":13,"column":153}},"type":"binary-expr","locations":[{"start":{"line":13,"column":71},"end":{"line":13,"column":99}},{"start":{"line":13,"column":104},"end":{"line":13,"column":152}}],"line":13},"8":{"loc":{"start":{"line":16,"column":8},"end":{"line":16,"column":70}},"type":"if","locations":[{"start":{"line":16,"column":8},"end":{"line":16,"column":70}},{"start":{"line":16,"column":8},"end":{"line":16,"column":70}}],"line":16},"9":{"loc":{"start":{"line":18,"column":12},"end":{"line":18,"column":169}},"type":"if","locations":[{"start":{"line":18,"column":12},"end":{"line":18,"column":169}},{"start":{"line":18,"column":12},"end":{"line":18,"column":169}}],"line":18},"10":{"loc":{"start":{"line":18,"column":23},"end":{"line":18,"column":158}},"type":"binary-expr","locations":[{"start":{"line":18,"column":23},"end":{"line":18,"column":24}},{"start":{"line":18,"column":29},"end":{"line":18,"column":125}},{"start":{"line":18,"column":130},"end":{"line":18,"column":158}}],"line":18},"11":{"loc":{"start":{"line":18,"column":33},"end":{"line":18,"column":125}},"type":"cond-expr","locations":[{"start":{"line":18,"column":45},"end":{"line":18,"column":56}},{"start":{"line":18,"column":59},"end":{"line":18,"column":125}}],"line":18},"12":{"loc":{"start":{"line":18,"column":59},"end":{"line":18,"column":125}},"type":"cond-expr","locations":[{"start":{"line":18,"column":67},"end":{"line":18,"column":116}},{"start":{"line":18,"column":119},"end":{"line":18,"column":125}}],"line":18},"13":{"loc":{"start":{"line":18,"column":67},"end":{"line":18,"column":116}},"type":"binary-expr","locations":[{"start":{"line":18,"column":67},"end":{"line":18,"column":77}},{"start":{"line":18,"column":82},"end":{"line":18,"column":115}}],"line":18},"14":{"loc":{"start":{"line":18,"column":82},"end":{"line":18,"column":112}},"type":"binary-expr","locations":[{"start":{"line":18,"column":83},"end":{"line":18,"column":98}},{"start":{"line":18,"column":103},"end":{"line":18,"column":112}}],"line":18},"15":{"loc":{"start":{"line":19,"column":12},"end":{"line":19,"column":52}},"type":"if","locations":[{"start":{"line":19,"column":12},"end":{"line":19,"column":52}},{"start":{"line":19,"column":12},"end":{"line":19,"column":52}}],"line":19},"16":{"loc":{"start":{"line":20,"column":12},"end":{"line":32,"column":13}},"type":"switch","locations":[{"start":{"line":21,"column":16},"end":{"line":21,"column":23}},{"start":{"line":21,"column":24},"end":{"line":21,"column":46}},{"start":{"line":22,"column":16},"end":{"line":22,"column":72}},{"start":{"line":23,"column":16},"end":{"line":23,"column":65}},{"start":{"line":24,"column":16},"end":{"line":24,"column":65}},{"start":{"line":25,"column":16},"end":{"line":31,"column":43}}],"line":20},"17":{"loc":{"start":{"line":26,"column":20},"end":{"line":26,"column":128}},"type":"if","locations":[{"start":{"line":26,"column":20},"end":{"line":26,"column":128}},{"start":{"line":26,"column":20},"end":{"line":26,"column":128}}],"line":26},"18":{"loc":{"start":{"line":26,"column":24},"end":{"line":26,"column":106}},"type":"binary-expr","locations":[{"start":{"line":26,"column":24},"end":{"line":26,"column":74}},{"start":{"line":26,"column":79},"end":{"line":26,"column":90}},{"start":{"line":26,"column":94},"end":{"line":26,"column":105}}],"line":26},"19":{"loc":{"start":{"line":26,"column":42},"end":{"line":26,"column":73}},"type":"binary-expr","locations":[{"start":{"line":26,"column":42},"end":{"line":26,"column":54}},{"start":{"line":26,"column":58},"end":{"line":26,"column":73}}],"line":26},"20":{"loc":{"start":{"line":27,"column":20},"end":{"line":27,"column":106}},"type":"if","locations":[{"start":{"line":27,"column":20},"end":{"line":27,"column":106}},{"start":{"line":27,"column":20},"end":{"line":27,"column":106}}],"line":27},"21":{"loc":{"start":{"line":27,"column":24},"end":{"line":27,"column":77}},"type":"binary-expr","locations":[{"start":{"line":27,"column":24},"end":{"line":27,"column":35}},{"start":{"line":27,"column":40},"end":{"line":27,"column":42}},{"start":{"line":27,"column":47},"end":{"line":27,"column":59}},{"start":{"line":27,"column":63},"end":{"line":27,"column":75}}],"line":27},"22":{"loc":{"start":{"line":28,"column":20},"end":{"line":28,"column":89}},"type":"if","locations":[{"start":{"line":28,"column":20},"end":{"line":28,"column":89}},{"start":{"line":28,"column":20},"end":{"line":28,"column":89}}],"line":28},"23":{"loc":{"start":{"line":28,"column":24},"end":{"line":28,"column":53}},"type":"binary-expr","locations":[{"start":{"line":28,"column":24},"end":{"line":28,"column":35}},{"start":{"line":28,"column":39},"end":{"line":28,"column":53}}],"line":28},"24":{"loc":{"start":{"line":29,"column":20},"end":{"line":29,"column":87}},"type":"if","locations":[{"start":{"line":29,"column":20},"end":{"line":29,"column":87}},{"start":{"line":29,"column":20},"end":{"line":29,"column":87}}],"line":29},"25":{"loc":{"start":{"line":29,"column":24},"end":{"line":29,"column":43}},"type":"binary-expr","locations":[{"start":{"line":29,"column":24},"end":{"line":29,"column":25}},{"start":{"line":29,"column":29},"end":{"line":29,"column":43}}],"line":29},"26":{"loc":{"start":{"line":30,"column":20},"end":{"line":30,"column":42}},"type":"if","locations":[{"start":{"line":30,"column":20},"end":{"line":30,"column":42}},{"start":{"line":30,"column":20},"end":{"line":30,"column":42}}],"line":30},"27":{"loc":{"start":{"line":35,"column":8},"end":{"line":35,"column":35}},"type":"if","locations":[{"start":{"line":35,"column":8},"end":{"line":35,"column":35}},{"start":{"line":35,"column":8},"end":{"line":35,"column":35}}],"line":35},"28":{"loc":{"start":{"line":35,"column":52},"end":{"line":35,"column":74}},"type":"cond-expr","locations":[{"start":{"line":35,"column":60},"end":{"line":35,"column":65}},{"start":{"line":35,"column":68},"end":{"line":35,"column":74}}],"line":35},"29":{"loc":{"start":{"line":47,"column":16},"end":{"line":52,"column":17}},"type":"switch","locations":[{"start":{"line":48,"column":20},"end":{"line":48,"column":77}},{"start":{"line":49,"column":20},"end":{"line":51,"column":74}}],"line":47},"30":{"loc":{"start":{"line":60,"column":16},"end":{"line":67,"column":17}},"type":"switch","locations":[{"start":{"line":61,"column":20},"end":{"line":63,"column":128}},{"start":{"line":64,"column":20},"end":{"line":66,"column":74}}],"line":60},"31":{"loc":{"start":{"line":75,"column":16},"end":{"line":86,"column":17}},"type":"switch","locations":[{"start":{"line":76,"column":20},"end":{"line":79,"column":140}},{"start":{"line":80,"column":20},"end":{"line":85,"column":62}}],"line":75},"32":{"loc":{"start":{"line":83,"column":46},"end":{"line":85,"column":60}},"type":"cond-expr","locations":[{"start":{"line":84,"column":34},"end":{"line":84,"column":44}},{"start":{"line":85,"column":34},"end":{"line":85,"column":60}}],"line":83},"33":{"loc":{"start":{"line":94,"column":16},"end":{"line":104,"column":17}},"type":"switch","locations":[{"start":{"line":95,"column":20},"end":{"line":97,"column":82}},{"start":{"line":98,"column":20},"end":{"line":103,"column":62}}],"line":94},"34":{"loc":{"start":{"line":101,"column":46},"end":{"line":103,"column":60}},"type":"cond-expr","locations":[{"start":{"line":102,"column":34},"end":{"line":102,"column":44}},{"start":{"line":103,"column":34},"end":{"line":103,"column":60}}],"line":101}},"s":{"0":1,"1":6,"2":0,"3":6,"4":6,"5":6,"6":0,"7":0,"8":0,"9":0,"10":12,"11":6,"12":1,"13":6,"14":6,"15":0,"16":6,"17":6,"18":0,"19":18,"20":12,"21":12,"22":0,"23":12,"24":24,"25":24,"26":0,"27":24,"28":0,"29":24,"30":12,"31":12,"32":6,"33":6,"34":0,"35":0,"36":0,"37":0,"38":0,"39":0,"40":0,"41":6,"42":6,"43":6,"44":0,"45":0,"46":0,"47":0,"48":0,"49":0,"50":0,"51":0,"52":0,"53":0,"54":0,"55":0,"56":0,"57":0,"58":0,"59":12,"60":0,"61":0,"62":24,"63":6,"64":0,"65":6,"66":1,"67":1,"68":1,"69":1,"70":1,"71":1,"72":2,"73":1,"74":1,"75":1,"76":1,"77":1,"78":1,"79":2,"80":1,"81":1,"82":1,"83":1,"84":1,"85":2,"86":2,"87":4,"88":2,"89":2,"90":2,"91":2,"92":2,"93":2,"94":1,"95":2,"96":2,"97":4,"98":2,"99":2,"100":2,"101":2,"102":2,"103":1,"104":1},"f":{"0":6,"1":6,"2":0,"3":6,"4":6,"5":0,"6":12,"7":6,"8":6,"9":0,"10":18,"11":12,"12":12,"13":1,"14":1,"15":1,"16":1,"17":2,"18":1,"19":1,"20":2,"21":2,"22":2,"23":4,"24":2,"25":2,"26":4},"b":{"0":[1,1,1],"1":[6,0],"2":[6,6],"3":[6,6],"4":[6,6],"5":[1,1,1],"6":[0,6],"7":[6,6],"8":[0,12],"9":[0,24],"10":[24,0,0],"11":[0,0],"12":[0,0],"13":[0,0],"14":[0,0],"15":[0,24],"16":[12,12,6,0,0,6],"17":[6,0],"18":[6,6,6],"19":[6,0],"20":[0,0],"21":[0,0,0,0],"22":[0,0],"23":[0,0],"24":[0,0],"25":[0,0],"26":[0,0],"27":[0,6],"28":[6,0],"29":[1,1],"30":[1,1],"31":[2,2],"32":[1,1],"33":[2,2],"34":[1,1]},"inputSourceMap":{"version":3,"file":"/home/thiago/Documentos/Trybe/ExerciciosTrybe/ProjetoTrybe/DesafioTecnico/back-end/src/Controller/ListController.ts","sources":["/home/thiago/Documentos/Trybe/ExerciciosTrybe/ProjetoTrybe/DesafioTecnico/back-end/src/Controller/ListController.ts"],"names":[],"mappings":";;;;;;;;;;;;;;;;;;;;;;;;;;;;;;;;;;;;;;AAKA;IACE,wBAAoB,WAAyB;QAAzB,gBAAW,GAAX,WAAW,CAAc;IAAG,CAAC;IAEpC,gCAAO,GAApB,UAAqB,IAAa,EAAE,GAAa;;;;;4BAClC,qBAAM,IAAI,CAAC,WAAW,CAAC,OAAO,EAAE,EAAA;;wBAAvC,IAAI,GAAG,SAAgC;wBAE7C,sBAAO,GAAG,CAAC,MAAM,CAAC,GAAG,CAAC,CAAC,IAAI,CAAC,IAAI,CAAC,EAAC;;;;KACnC;IAEY,+BAAM,GAAnB,UAAoB,GAAY,EAAE,GAAa;;;;;;wBACvC,KAAgC,GAAG,CAAC,IAAI,EAAtC,IAAI,UAAA,EAAE,MAAM,YAAA,EAAE,WAAW,iBAAA,CAAc;wBAElC,qBAAM,IAAI,CAAC,WAAW,CAAC,MAAM,CAAC,EAAE,IAAI,MAAA,EAAE,MAAM,QAAA,EAAE,WAAW,aAAA,EAAE,CAAC,EAAA;;wBAAnE,IAAI,GAAG,SAA4D;wBAEzE,sBAAO,GAAG,CAAC,MAAM,CAAC,GAAG,CAAC,CAAC,IAAI,CAAC,IAAI,CAAC,EAAC;;;;KACnC;IAEY,+BAAM,GAAnB,UAAoB,GAAY,EAAE,GAAa,EAAE,IAAkB;;;;;;wBACzD,EAAE,GAAK,GAAG,CAAC,MAAM,GAAf,CAAgB;wBACpB,KAAgC,GAAG,CAAC,IAAI,EAAtC,IAAI,UAAA,EAAE,MAAM,YAAA,EAAE,WAAW,iBAAA,CAAc;wBAElC,qBAAM,IAAI,CAAC,WAAW,CAAC,MAAM,CAAC,EAAE,IAAI,MAAA,EAAE,MAAM,QAAA,EAAE,WAAW,aAAA,EAAE,EAAE,MAAM,CAAC,EAAE,CAAC,CAAC,EAAA;;wBAA/E,IAAI,GAAG,SAAwE;wBAE7E,UAAU,GAAK,IAAmB,WAAxB,CAAyB;wBAC3C,sBAAO,OAAO,CAAC,UAAU,CAAC,KAAK,WAAW;gCACxC,CAAC,CAAC,IAAI,CAAC,IAAI,CAAC;gCACZ,CAAC,CAAC,GAAG,CAAC,MAAM,CAAC,GAAG,CAAC,CAAC,IAAI,CAAC,IAAI,CAAC,EAAC;;;;KAChC;IAEY,+BAAM,GAAnB,UAAoB,GAAY,EAAE,GAAa,EAAE,IAAkB;;;;;;wBACzD,EAAE,GAAK,GAAG,CAAC,MAAM,GAAf,CAAgB;wBAEb,qBAAM,IAAI,CAAC,WAAW,CAAC,MAAM,CAAC,MAAM,CAAC,EAAE,CAAC,CAAC,EAAA;;wBAAhD,IAAI,GAAG,SAAyC;wBAE9C,UAAU,GAAK,IAAmB,WAAxB,CAAyB;wBAC3C,sBAAO,OAAO,CAAC,UAAU,CAAC,KAAK,WAAW;gCACxC,CAAC,CAAC,IAAI,CAAC,IAAI,CAAC;gCACZ,CAAC,CAAC,GAAG,CAAC,MAAM,CAAC,GAAG,CAAC,CAAC,IAAI,CAAC,IAAI,CAAC,EAAC;;;;KAChC;IACH,qBAAC;AAAD,CAAC,AAvCD,IAuCC","sourcesContent":["import { NextFunction, Request, Response } from 'express';\nimport IListController from '../Interface/controller';\nimport IListService from '../Interface/service';\nimport IStatusCode from '../Interface/statusCode';\n\nexport default class ListController implements IListController {\n  constructor(private listService: IListService) {}\n\n  public async findAll(_req: Request, res: Response): Promise<Response> {\n    const list = await this.listService.findAll();\n    \n    return res.status(200).json(list);\n  }\n\n  public async create(req: Request, res: Response): Promise<Response> {\n    const { task, status, responsible } = req.body;\n\n    const list = await this.listService.create({ task, status, responsible });\n\n    return res.status(201).json(list);\n  }\n\n  public async update(req: Request, res: Response, next: NextFunction): Promise<Response | void> {\n    const { id } = req.params;\n    const { task, status, responsible } = req.body;\n\n    const list = await this.listService.update({ task, status, responsible }, Number(id));\n\n    const { statusCode } = list as IStatusCode;\n    return typeof (statusCode) !== 'undefined'\n      ? next(list)\n      : res.status(201).json(list);\n  }\n\n  public async delete(req: Request, res: Response, next: NextFunction): Promise<Response | void> {\n    const { id } = req.params;\n\n    const list = await this.listService.delete(Number(id));\n\n    const { statusCode } = list as IStatusCode;\n    return typeof (statusCode) !== 'undefined'\n      ? next(list)\n      : res.status(200).json(list);\n  }\n}"]},"_coverageSchema":"1a1c01bbd47fc00a2c39e90264f33305004495a9","hash":"c30eaa1793ad4d722cc33e22eb93d098a71d3e1d","contentHash":"937970ef53d158135384fafb9cddc9ef539e1724d991c08e983c670ad7d18f77"},"/home/thiago/Documentos/Trybe/ExerciciosTrybe/ProjetoTrybe/DesafioTecnico/back-end/src/helper/PrismaOrm.ts":{"path":"/home/thiago/Documentos/Trybe/ExerciciosTrybe/ProjetoTrybe/DesafioTecnico/back-end/src/helper/PrismaOrm.ts","statementMap":{"0":{"start":{"line":2,"column":16},"end":{"line":10,"column":1}},"1":{"start":{"line":3,"column":28},"end":{"line":3,"column":110}},"2":{"start":{"line":3,"column":91},"end":{"line":3,"column":106}},"3":{"start":{"line":4,"column":4},"end":{"line":9,"column":7}},"4":{"start":{"line":5,"column":36},"end":{"line":5,"column":97}},"5":{"start":{"line":5,"column":42},"end":{"line":5,"column":70}},"6":{"start":{"line":5,"column":85},"end":{"line":5,"column":95}},"7":{"start":{"line":6,"column":35},"end":{"line":6,"column":100}},"8":{"start":{"line":6,"column":41},"end":{"line":6,"column":73}},"9":{"start":{"line":6,"column":88},"end":{"line":6,"column":98}},"10":{"start":{"line":7,"column":32},"end":{"line":7,"column":116}},"11":{"start":{"line":8,"column":8},"end":{"line":8,"column":78}},"12":{"start":{"line":11,"column":18},"end":{"line":37,"column":1}},"13":{"start":{"line":12,"column":12},"end":{"line":12,"column":104}},"14":{"start":{"line":12,"column":43},"end":{"line":12,"column":68}},"15":{"start":{"line":12,"column":57},"end":{"line":12,"column":68}},"16":{"start":{"line":12,"column":69},"end":{"line":12,"column":81}},"17":{"start":{"line":13,"column":4},"end":{"line":13,"column":157}},"18":{"start":{"line":13,"column":138},"end":{"line":13,"column":150}},"19":{"start":{"line":14,"column":23},"end":{"line":14,"column":68}},"20":{"start":{"line":14,"column":45},"end":{"line":14,"column":65}},"21":{"start":{"line":16,"column":8},"end":{"line":16,"column":70}},"22":{"start":{"line":16,"column":15},"end":{"line":16,"column":70}},"23":{"start":{"line":17,"column":8},"end":{"line":34,"column":66}},"24":{"start":{"line":17,"column":18},"end":{"line":34,"column":66}},"25":{"start":{"line":18,"column":12},"end":{"line":18,"column":169}},"26":{"start":{"line":18,"column":160},"end":{"line":18,"column":169}},"27":{"start":{"line":19,"column":12},"end":{"line":19,"column":52}},"28":{"start":{"line":19,"column":26},"end":{"line":19,"column":52}},"29":{"start":{"line":20,"column":12},"end":{"line":32,"column":13}},"30":{"start":{"line":21,"column":32},"end":{"line":21,"column":39}},"31":{"start":{"line":21,"column":40},"end":{"line":21,"column":46}},"32":{"start":{"line":22,"column":24},"end":{"line":22,"column":34}},"33":{"start":{"line":22,"column":35},"end":{"line":22,"column":72}},"34":{"start":{"line":23,"column":24},"end":{"line":23,"column":34}},"35":{"start":{"line":23,"column":35},"end":{"line":23,"column":45}},"36":{"start":{"line":23,"column":46},"end":{"line":23,"column":55}},"37":{"start":{"line":23,"column":56},"end":{"line":23,"column":65}},"38":{"start":{"line":24,"column":24},"end":{"line":24,"column":41}},"39":{"start":{"line":24,"column":42},"end":{"line":24,"column":55}},"40":{"start":{"line":24,"column":56},"end":{"line":24,"column":65}},"41":{"start":{"line":26,"column":20},"end":{"line":26,"column":128}},"42":{"start":{"line":26,"column":110},"end":{"line":26,"column":116}},"43":{"start":{"line":26,"column":117},"end":{"line":26,"column":126}},"44":{"start":{"line":27,"column":20},"end":{"line":27,"column":106}},"45":{"start":{"line":27,"column":81},"end":{"line":27,"column":97}},"46":{"start":{"line":27,"column":98},"end":{"line":27,"column":104}},"47":{"start":{"line":28,"column":20},"end":{"line":28,"column":89}},"48":{"start":{"line":28,"column":57},"end":{"line":28,"column":72}},"49":{"start":{"line":28,"column":73},"end":{"line":28,"column":80}},"50":{"start":{"line":28,"column":81},"end":{"line":28,"column":87}},"51":{"start":{"line":29,"column":20},"end":{"line":29,"column":87}},"52":{"start":{"line":29,"column":47},"end":{"line":29,"column":62}},"53":{"start":{"line":29,"column":63},"end":{"line":29,"column":78}},"54":{"start":{"line":29,"column":79},"end":{"line":29,"column":85}},"55":{"start":{"line":30,"column":20},"end":{"line":30,"column":42}},"56":{"start":{"line":30,"column":30},"end":{"line":30,"column":42}},"57":{"start":{"line":31,"column":20},"end":{"line":31,"column":33}},"58":{"start":{"line":31,"column":34},"end":{"line":31,"column":43}},"59":{"start":{"line":33,"column":12},"end":{"line":33,"column":39}},"60":{"start":{"line":34,"column":22},"end":{"line":34,"column":34}},"61":{"start":{"line":34,"column":35},"end":{"line":34,"column":41}},"62":{"start":{"line":34,"column":54},"end":{"line":34,"column":64}},"63":{"start":{"line":35,"column":8},"end":{"line":35,"column":35}},"64":{"start":{"line":35,"column":23},"end":{"line":35,"column":35}},"65":{"start":{"line":35,"column":36},"end":{"line":35,"column":89}},"66":{"start":{"line":38,"column":0},"end":{"line":38,"column":62}},"67":{"start":{"line":39,"column":15},"end":{"line":39,"column":40}},"68":{"start":{"line":40,"column":31},"end":{"line":117,"column":3}},"69":{"start":{"line":42,"column":8},"end":{"line":42,"column":53}},"70":{"start":{"line":44,"column":4},"end":{"line":58,"column":6}},"71":{"start":{"line":45,"column":8},"end":{"line":57,"column":11}},"72":{"start":{"line":47,"column":12},"end":{"line":56,"column":15}},"73":{"start":{"line":48,"column":16},"end":{"line":55,"column":17}},"74":{"start":{"line":49,"column":28},"end":{"line":51,"column":28}},"75":{"start":{"line":53,"column":24},"end":{"line":53,"column":43}},"76":{"start":{"line":54,"column":24},"end":{"line":54,"column":54}},"77":{"start":{"line":59,"column":4},"end":{"line":71,"column":6}},"78":{"start":{"line":60,"column":8},"end":{"line":70,"column":11}},"79":{"start":{"line":62,"column":12},"end":{"line":69,"column":15}},"80":{"start":{"line":63,"column":16},"end":{"line":68,"column":17}},"81":{"start":{"line":64,"column":28},"end":{"line":64,"column":82}},"82":{"start":{"line":66,"column":24},"end":{"line":66,"column":43}},"83":{"start":{"line":67,"column":24},"end":{"line":67,"column":54}},"84":{"start":{"line":72,"column":4},"end":{"line":84,"column":6}},"85":{"start":{"line":73,"column":8},"end":{"line":83,"column":11}},"86":{"start":{"line":75,"column":12},"end":{"line":82,"column":15}},"87":{"start":{"line":76,"column":16},"end":{"line":81,"column":17}},"88":{"start":{"line":77,"column":28},"end":{"line":77,"column":94}},"89":{"start":{"line":79,"column":24},"end":{"line":79,"column":43}},"90":{"start":{"line":80,"column":24},"end":{"line":80,"column":54}},"91":{"start":{"line":85,"column":4},"end":{"line":100,"column":6}},"92":{"start":{"line":86,"column":8},"end":{"line":99,"column":11}},"93":{"start":{"line":88,"column":12},"end":{"line":98,"column":15}},"94":{"start":{"line":89,"column":16},"end":{"line":97,"column":17}},"95":{"start":{"line":90,"column":28},"end":{"line":93,"column":28}},"96":{"start":{"line":95,"column":24},"end":{"line":95,"column":43}},"97":{"start":{"line":96,"column":24},"end":{"line":96,"column":54}},"98":{"start":{"line":101,"column":4},"end":{"line":115,"column":6}},"99":{"start":{"line":102,"column":8},"end":{"line":114,"column":11}},"100":{"start":{"line":104,"column":12},"end":{"line":113,"column":15}},"101":{"start":{"line":105,"column":16},"end":{"line":112,"column":17}},"102":{"start":{"line":106,"column":28},"end":{"line":108,"column":28}},"103":{"start":{"line":110,"column":24},"end":{"line":110,"column":43}},"104":{"start":{"line":111,"column":24},"end":{"line":111,"column":54}},"105":{"start":{"line":116,"column":4},"end":{"line":116,"column":21}},"106":{"start":{"line":118,"column":0},"end":{"line":118,"column":28}}},"fnMap":{"0":{"name":"(anonymous_0)","decl":{"start":{"line":2,"column":44},"end":{"line":2,"column":45}},"loc":{"start":{"line":2,"column":89},"end":{"line":10,"column":1}},"line":2},"1":{"name":"adopt","decl":{"start":{"line":3,"column":13},"end":{"line":3,"column":18}},"loc":{"start":{"line":3,"column":26},"end":{"line":3,"column":112}},"line":3},"2":{"name":"(anonymous_2)","decl":{"start":{"line":3,"column":70},"end":{"line":3,"column":71}},"loc":{"start":{"line":3,"column":89},"end":{"line":3,"column":108}},"line":3},"3":{"name":"(anonymous_3)","decl":{"start":{"line":4,"column":36},"end":{"line":4,"column":37}},"loc":{"start":{"line":4,"column":63},"end":{"line":9,"column":5}},"line":4},"4":{"name":"fulfilled","decl":{"start":{"line":5,"column":17},"end":{"line":5,"column":26}},"loc":{"start":{"line":5,"column":34},"end":{"line":5,"column":99}},"line":5},"5":{"name":"rejected","decl":{"start":{"line":6,"column":17},"end":{"line":6,"column":25}},"loc":{"start":{"line":6,"column":33},"end":{"line":6,"column":102}},"line":6},"6":{"name":"step","decl":{"start":{"line":7,"column":17},"end":{"line":7,"column":21}},"loc":{"start":{"line":7,"column":30},"end":{"line":7,"column":118}},"line":7},"7":{"name":"(anonymous_7)","decl":{"start":{"line":11,"column":48},"end":{"line":11,"column":49}},"loc":{"start":{"line":11,"column":73},"end":{"line":37,"column":1}},"line":11},"8":{"name":"(anonymous_8)","decl":{"start":{"line":12,"column":30},"end":{"line":12,"column":31}},"loc":{"start":{"line":12,"column":41},"end":{"line":12,"column":83}},"line":12},"9":{"name":"(anonymous_9)","decl":{"start":{"line":13,"column":125},"end":{"line":13,"column":126}},"loc":{"start":{"line":13,"column":136},"end":{"line":13,"column":152}},"line":13},"10":{"name":"verb","decl":{"start":{"line":14,"column":13},"end":{"line":14,"column":17}},"loc":{"start":{"line":14,"column":21},"end":{"line":14,"column":70}},"line":14},"11":{"name":"(anonymous_11)","decl":{"start":{"line":14,"column":30},"end":{"line":14,"column":31}},"loc":{"start":{"line":14,"column":43},"end":{"line":14,"column":67}},"line":14},"12":{"name":"step","decl":{"start":{"line":15,"column":13},"end":{"line":15,"column":17}},"loc":{"start":{"line":15,"column":22},"end":{"line":36,"column":5}},"line":15},"13":{"name":"(anonymous_13)","decl":{"start":{"line":40,"column":31},"end":{"line":40,"column":32}},"loc":{"start":{"line":40,"column":43},"end":{"line":117,"column":1}},"line":40},"14":{"name":"PrismaOrm","decl":{"start":{"line":41,"column":13},"end":{"line":41,"column":22}},"loc":{"start":{"line":41,"column":25},"end":{"line":43,"column":5}},"line":41},"15":{"name":"(anonymous_15)","decl":{"start":{"line":44,"column":34},"end":{"line":44,"column":35}},"loc":{"start":{"line":44,"column":48},"end":{"line":58,"column":5}},"line":44},"16":{"name":"(anonymous_16)","decl":{"start":{"line":45,"column":47},"end":{"line":45,"column":48}},"loc":{"start":{"line":45,"column":59},"end":{"line":57,"column":9}},"line":45},"17":{"name":"(anonymous_17)","decl":{"start":{"line":47,"column":37},"end":{"line":47,"column":38}},"loc":{"start":{"line":47,"column":51},"end":{"line":56,"column":13}},"line":47},"18":{"name":"(anonymous_18)","decl":{"start":{"line":59,"column":34},"end":{"line":59,"column":35}},"loc":{"start":{"line":59,"column":46},"end":{"line":71,"column":5}},"line":59},"19":{"name":"(anonymous_19)","decl":{"start":{"line":60,"column":47},"end":{"line":60,"column":48}},"loc":{"start":{"line":60,"column":59},"end":{"line":70,"column":9}},"line":60},"20":{"name":"(anonymous_20)","decl":{"start":{"line":62,"column":37},"end":{"line":62,"column":38}},"loc":{"start":{"line":62,"column":51},"end":{"line":69,"column":13}},"line":62},"21":{"name":"(anonymous_21)","decl":{"start":{"line":72,"column":33},"end":{"line":72,"column":34}},"loc":{"start":{"line":72,"column":49},"end":{"line":84,"column":5}},"line":72},"22":{"name":"(anonymous_22)","decl":{"start":{"line":73,"column":47},"end":{"line":73,"column":48}},"loc":{"start":{"line":73,"column":59},"end":{"line":83,"column":9}},"line":73},"23":{"name":"(anonymous_23)","decl":{"start":{"line":75,"column":37},"end":{"line":75,"column":38}},"loc":{"start":{"line":75,"column":51},"end":{"line":82,"column":13}},"line":75},"24":{"name":"(anonymous_24)","decl":{"start":{"line":85,"column":33},"end":{"line":85,"column":34}},"loc":{"start":{"line":85,"column":53},"end":{"line":100,"column":5}},"line":85},"25":{"name":"(anonymous_25)","decl":{"start":{"line":86,"column":47},"end":{"line":86,"column":48}},"loc":{"start":{"line":86,"column":59},"end":{"line":99,"column":9}},"line":86},"26":{"name":"(anonymous_26)","decl":{"start":{"line":88,"column":37},"end":{"line":88,"column":38}},"loc":{"start":{"line":88,"column":51},"end":{"line":98,"column":13}},"line":88},"27":{"name":"(anonymous_27)","decl":{"start":{"line":101,"column":33},"end":{"line":101,"column":34}},"loc":{"start":{"line":101,"column":47},"end":{"line":115,"column":5}},"line":101},"28":{"name":"(anonymous_28)","decl":{"start":{"line":102,"column":47},"end":{"line":102,"column":48}},"loc":{"start":{"line":102,"column":59},"end":{"line":114,"column":9}},"line":102},"29":{"name":"(anonymous_29)","decl":{"start":{"line":104,"column":37},"end":{"line":104,"column":38}},"loc":{"start":{"line":104,"column":51},"end":{"line":113,"column":13}},"line":104}},"branchMap":{"0":{"loc":{"start":{"line":2,"column":16},"end":{"line":10,"column":1}},"type":"binary-expr","locations":[{"start":{"line":2,"column":17},"end":{"line":2,"column":21}},{"start":{"line":2,"column":25},"end":{"line":2,"column":39}},{"start":{"line":2,"column":44},"end":{"line":10,"column":1}}],"line":2},"1":{"loc":{"start":{"line":3,"column":35},"end":{"line":3,"column":109}},"type":"cond-expr","locations":[{"start":{"line":3,"column":56},"end":{"line":3,"column":61}},{"start":{"line":3,"column":64},"end":{"line":3,"column":109}}],"line":3},"2":{"loc":{"start":{"line":4,"column":16},"end":{"line":4,"column":34}},"type":"binary-expr","locations":[{"start":{"line":4,"column":16},"end":{"line":4,"column":17}},{"start":{"line":4,"column":22},"end":{"line":4,"column":33}}],"line":4},"3":{"loc":{"start":{"line":7,"column":32},"end":{"line":7,"column":115}},"type":"cond-expr","locations":[{"start":{"line":7,"column":46},"end":{"line":7,"column":67}},{"start":{"line":7,"column":70},"end":{"line":7,"column":115}}],"line":7},"4":{"loc":{"start":{"line":8,"column":51},"end":{"line":8,"column":67}},"type":"binary-expr","locations":[{"start":{"line":8,"column":51},"end":{"line":8,"column":61}},{"start":{"line":8,"column":65},"end":{"line":8,"column":67}}],"line":8},"5":{"loc":{"start":{"line":11,"column":18},"end":{"line":37,"column":1}},"type":"binary-expr","locations":[{"start":{"line":11,"column":19},"end":{"line":11,"column":23}},{"start":{"line":11,"column":27},"end":{"line":11,"column":43}},{"start":{"line":11,"column":48},"end":{"line":37,"column":1}}],"line":11},"6":{"loc":{"start":{"line":12,"column":43},"end":{"line":12,"column":68}},"type":"if","locations":[{"start":{"line":12,"column":43},"end":{"line":12,"column":68}},{"start":{"line":12,"column":43},"end":{"line":12,"column":68}}],"line":12},"7":{"loc":{"start":{"line":13,"column":71},"end":{"line":13,"column":153}},"type":"binary-expr","locations":[{"start":{"line":13,"column":71},"end":{"line":13,"column":99}},{"start":{"line":13,"column":104},"end":{"line":13,"column":152}}],"line":13},"8":{"loc":{"start":{"line":16,"column":8},"end":{"line":16,"column":70}},"type":"if","locations":[{"start":{"line":16,"column":8},"end":{"line":16,"column":70}},{"start":{"line":16,"column":8},"end":{"line":16,"column":70}}],"line":16},"9":{"loc":{"start":{"line":18,"column":12},"end":{"line":18,"column":169}},"type":"if","locations":[{"start":{"line":18,"column":12},"end":{"line":18,"column":169}},{"start":{"line":18,"column":12},"end":{"line":18,"column":169}}],"line":18},"10":{"loc":{"start":{"line":18,"column":23},"end":{"line":18,"column":158}},"type":"binary-expr","locations":[{"start":{"line":18,"column":23},"end":{"line":18,"column":24}},{"start":{"line":18,"column":29},"end":{"line":18,"column":125}},{"start":{"line":18,"column":130},"end":{"line":18,"column":158}}],"line":18},"11":{"loc":{"start":{"line":18,"column":33},"end":{"line":18,"column":125}},"type":"cond-expr","locations":[{"start":{"line":18,"column":45},"end":{"line":18,"column":56}},{"start":{"line":18,"column":59},"end":{"line":18,"column":125}}],"line":18},"12":{"loc":{"start":{"line":18,"column":59},"end":{"line":18,"column":125}},"type":"cond-expr","locations":[{"start":{"line":18,"column":67},"end":{"line":18,"column":116}},{"start":{"line":18,"column":119},"end":{"line":18,"column":125}}],"line":18},"13":{"loc":{"start":{"line":18,"column":67},"end":{"line":18,"column":116}},"type":"binary-expr","locations":[{"start":{"line":18,"column":67},"end":{"line":18,"column":77}},{"start":{"line":18,"column":82},"end":{"line":18,"column":115}}],"line":18},"14":{"loc":{"start":{"line":18,"column":82},"end":{"line":18,"column":112}},"type":"binary-expr","locations":[{"start":{"line":18,"column":83},"end":{"line":18,"column":98}},{"start":{"line":18,"column":103},"end":{"line":18,"column":112}}],"line":18},"15":{"loc":{"start":{"line":19,"column":12},"end":{"line":19,"column":52}},"type":"if","locations":[{"start":{"line":19,"column":12},"end":{"line":19,"column":52}},{"start":{"line":19,"column":12},"end":{"line":19,"column":52}}],"line":19},"16":{"loc":{"start":{"line":20,"column":12},"end":{"line":32,"column":13}},"type":"switch","locations":[{"start":{"line":21,"column":16},"end":{"line":21,"column":23}},{"start":{"line":21,"column":24},"end":{"line":21,"column":46}},{"start":{"line":22,"column":16},"end":{"line":22,"column":72}},{"start":{"line":23,"column":16},"end":{"line":23,"column":65}},{"start":{"line":24,"column":16},"end":{"line":24,"column":65}},{"start":{"line":25,"column":16},"end":{"line":31,"column":43}}],"line":20},"17":{"loc":{"start":{"line":26,"column":20},"end":{"line":26,"column":128}},"type":"if","locations":[{"start":{"line":26,"column":20},"end":{"line":26,"column":128}},{"start":{"line":26,"column":20},"end":{"line":26,"column":128}}],"line":26},"18":{"loc":{"start":{"line":26,"column":24},"end":{"line":26,"column":106}},"type":"binary-expr","locations":[{"start":{"line":26,"column":24},"end":{"line":26,"column":74}},{"start":{"line":26,"column":79},"end":{"line":26,"column":90}},{"start":{"line":26,"column":94},"end":{"line":26,"column":105}}],"line":26},"19":{"loc":{"start":{"line":26,"column":42},"end":{"line":26,"column":73}},"type":"binary-expr","locations":[{"start":{"line":26,"column":42},"end":{"line":26,"column":54}},{"start":{"line":26,"column":58},"end":{"line":26,"column":73}}],"line":26},"20":{"loc":{"start":{"line":27,"column":20},"end":{"line":27,"column":106}},"type":"if","locations":[{"start":{"line":27,"column":20},"end":{"line":27,"column":106}},{"start":{"line":27,"column":20},"end":{"line":27,"column":106}}],"line":27},"21":{"loc":{"start":{"line":27,"column":24},"end":{"line":27,"column":77}},"type":"binary-expr","locations":[{"start":{"line":27,"column":24},"end":{"line":27,"column":35}},{"start":{"line":27,"column":40},"end":{"line":27,"column":42}},{"start":{"line":27,"column":47},"end":{"line":27,"column":59}},{"start":{"line":27,"column":63},"end":{"line":27,"column":75}}],"line":27},"22":{"loc":{"start":{"line":28,"column":20},"end":{"line":28,"column":89}},"type":"if","locations":[{"start":{"line":28,"column":20},"end":{"line":28,"column":89}},{"start":{"line":28,"column":20},"end":{"line":28,"column":89}}],"line":28},"23":{"loc":{"start":{"line":28,"column":24},"end":{"line":28,"column":53}},"type":"binary-expr","locations":[{"start":{"line":28,"column":24},"end":{"line":28,"column":35}},{"start":{"line":28,"column":39},"end":{"line":28,"column":53}}],"line":28},"24":{"loc":{"start":{"line":29,"column":20},"end":{"line":29,"column":87}},"type":"if","locations":[{"start":{"line":29,"column":20},"end":{"line":29,"column":87}},{"start":{"line":29,"column":20},"end":{"line":29,"column":87}}],"line":29},"25":{"loc":{"start":{"line":29,"column":24},"end":{"line":29,"column":43}},"type":"binary-expr","locations":[{"start":{"line":29,"column":24},"end":{"line":29,"column":25}},{"start":{"line":29,"column":29},"end":{"line":29,"column":43}}],"line":29},"26":{"loc":{"start":{"line":30,"column":20},"end":{"line":30,"column":42}},"type":"if","locations":[{"start":{"line":30,"column":20},"end":{"line":30,"column":42}},{"start":{"line":30,"column":20},"end":{"line":30,"column":42}}],"line":30},"27":{"loc":{"start":{"line":35,"column":8},"end":{"line":35,"column":35}},"type":"if","locations":[{"start":{"line":35,"column":8},"end":{"line":35,"column":35}},{"start":{"line":35,"column":8},"end":{"line":35,"column":35}}],"line":35},"28":{"loc":{"start":{"line":35,"column":52},"end":{"line":35,"column":74}},"type":"cond-expr","locations":[{"start":{"line":35,"column":60},"end":{"line":35,"column":65}},{"start":{"line":35,"column":68},"end":{"line":35,"column":74}}],"line":35},"29":{"loc":{"start":{"line":48,"column":16},"end":{"line":55,"column":17}},"type":"switch","locations":[{"start":{"line":49,"column":20},"end":{"line":51,"column":28}},{"start":{"line":52,"column":20},"end":{"line":54,"column":54}}],"line":48},"30":{"loc":{"start":{"line":63,"column":16},"end":{"line":68,"column":17}},"type":"switch","locations":[{"start":{"line":64,"column":20},"end":{"line":64,"column":82}},{"start":{"line":65,"column":20},"end":{"line":67,"column":54}}],"line":63},"31":{"loc":{"start":{"line":76,"column":16},"end":{"line":81,"column":17}},"type":"switch","locations":[{"start":{"line":77,"column":20},"end":{"line":77,"column":94}},{"start":{"line":78,"column":20},"end":{"line":80,"column":54}}],"line":76},"32":{"loc":{"start":{"line":89,"column":16},"end":{"line":97,"column":17}},"type":"switch","locations":[{"start":{"line":90,"column":20},"end":{"line":93,"column":28}},{"start":{"line":94,"column":20},"end":{"line":96,"column":54}}],"line":89},"33":{"loc":{"start":{"line":105,"column":16},"end":{"line":112,"column":17}},"type":"switch","locations":[{"start":{"line":106,"column":20},"end":{"line":108,"column":28}},{"start":{"line":109,"column":20},"end":{"line":111,"column":54}}],"line":105}},"s":{"0":1,"1":0,"2":0,"3":0,"4":0,"5":0,"6":0,"7":0,"8":0,"9":0,"10":0,"11":0,"12":1,"13":0,"14":0,"15":0,"16":0,"17":0,"18":0,"19":0,"20":0,"21":0,"22":0,"23":0,"24":0,"25":0,"26":0,"27":0,"28":0,"29":0,"30":0,"31":0,"32":0,"33":0,"34":0,"35":0,"36":0,"37":0,"38":0,"39":0,"40":0,"41":0,"42":0,"43":0,"44":0,"45":0,"46":0,"47":0,"48":0,"49":0,"50":0,"51":0,"52":0,"53":0,"54":0,"55":0,"56":0,"57":0,"58":0,"59":0,"60":0,"61":0,"62":0,"63":0,"64":0,"65":0,"66":1,"67":1,"68":1,"69":1,"70":1,"71":0,"72":0,"73":0,"74":0,"75":0,"76":0,"77":1,"78":0,"79":0,"80":0,"81":0,"82":0,"83":0,"84":1,"85":0,"86":0,"87":0,"88":0,"89":0,"90":0,"91":1,"92":0,"93":0,"94":0,"95":0,"96":0,"97":0,"98":1,"99":0,"100":0,"101":0,"102":0,"103":0,"104":0,"105":1,"106":1},"f":{"0":0,"1":0,"2":0,"3":0,"4":0,"5":0,"6":0,"7":0,"8":0,"9":0,"10":0,"11":0,"12":0,"13":1,"14":1,"15":0,"16":0,"17":0,"18":0,"19":0,"20":0,"21":0,"22":0,"23":0,"24":0,"25":0,"26":0,"27":0,"28":0,"29":0},"b":{"0":[1,1,1],"1":[0,0],"2":[0,0],"3":[0,0],"4":[0,0],"5":[1,1,1],"6":[0,0],"7":[0,0],"8":[0,0],"9":[0,0],"10":[0,0,0],"11":[0,0],"12":[0,0],"13":[0,0],"14":[0,0],"15":[0,0],"16":[0,0,0,0,0,0],"17":[0,0],"18":[0,0,0],"19":[0,0],"20":[0,0],"21":[0,0,0,0],"22":[0,0],"23":[0,0],"24":[0,0],"25":[0,0],"26":[0,0],"27":[0,0],"28":[0,0],"29":[0,0],"30":[0,0],"31":[0,0],"32":[0,0],"33":[0,0]},"inputSourceMap":{"version":3,"file":"/home/thiago/Documentos/Trybe/ExerciciosTrybe/ProjetoTrybe/DesafioTecnico/back-end/src/helper/PrismaOrm.ts","sources":["/home/thiago/Documentos/Trybe/ExerciciosTrybe/ProjetoTrybe/DesafioTecnico/back-end/src/helper/PrismaOrm.ts"],"names":[],"mappings":";;;;;;;;;;;;;;;;;;;;;;;;;;;;;;;;;;;;;;AAAA,yCAA8C;AAI9C;IAAA;QACU,cAAS,GAAG,IAAI,qBAAY,EAAE,CAAC;IAsCzC,CAAC;IApCc,2BAAO,GAApB,UAAqB,EAAU;;;;;4BACd,qBAAM,IAAI,CAAC,SAAS,CAAC,KAAK,CAAC,SAAS,CAAC;4BAClD,KAAK,EAAE,EAAE,EAAE,IAAA,EAAE;yBACd,CAAC,EAAA;;wBAFI,MAAM,GAAG,SAEb;wBAEF,sBAAO,MAAM,EAAC;;;;KACf;IAEY,2BAAO,GAApB;;;;;4BACiB,qBAAM,IAAI,CAAC,SAAS,CAAC,KAAK,CAAC,QAAQ,EAAE,EAAA;;wBAA9C,MAAM,GAAG,SAAqC;wBAEpD,sBAAO,MAAM,EAAC;;;;KACf;IAEY,0BAAM,GAAnB,UAAoB,IAAW;;;;;4BACd,qBAAM,IAAI,CAAC,SAAS,CAAC,KAAK,CAAC,MAAM,CAAC,EAAE,IAAI,MAAA,EAAE,CAAC,EAAA;;wBAApD,MAAM,GAAG,SAA2C;wBAE1D,sBAAO,MAAM,EAAC;;;;KACf;IAEY,0BAAM,GAAnB,UAAoB,IAAW,EAAE,EAAU;;;;;4BAC1B,qBAAM,IAAI,CAAC,SAAS,CAAC,KAAK,CAAC,MAAM,CAAC;4BAC/C,KAAK,EAAE,EAAE,EAAE,IAAA,EAAE;4BACb,IAAI,MAAA;yBACL,CAAC,EAAA;;wBAHI,MAAM,GAAG,SAGb;wBAEF,sBAAO,MAAM,EAAC;;;;KACf;IAEY,0BAAM,GAAnB,UAAoB,EAAU;;;;;4BACb,qBAAM,IAAI,CAAC,SAAS,CAAC,KAAK,CAAC,MAAM,CAAC;4BAC/C,KAAK,EAAE,EAAE,EAAE,IAAA,EAAE;yBACd,CAAC,EAAA;;wBAFI,MAAM,GAAG,SAEb;wBAEF,sBAAO,MAAM,EAAC;;;;KACf;IACH,gBAAC;AAAD,CAAC,AAvCD,IAuCC","sourcesContent":["import { PrismaClient } from \"@prisma/client\";\nimport IList from \"../Interface/list\";\nimport IOrm from \"../Interface/prisma\";\n\nexport default class PrismaOrm implements IOrm {\n  private prismaOrm = new PrismaClient();\n\n  public async findOne(id: number): Promise<IList | null> {\n    const prisma = await this.prismaOrm.table.findFirst({ \n      where: { id }\n    });\n\n    return prisma;\n  }\n\n  public async findAll(): Promise<IList[]> {\n    const prisma = await this.prismaOrm.table.findMany();\n\n    return prisma;\n  }\n\n  public async create(data: IList): Promise<IList> {\n    const prisma = await this.prismaOrm.table.create({ data });\n\n    return prisma;\n  }\n\n  public async update(data: IList, id: number): Promise<IList> {\n    const prisma = await this.prismaOrm.table.update({\n      where: { id },\n      data,\n    });\n\n    return prisma;\n  }\n\n  public async delete(id: number): Promise<IList> {\n    const prisma = await this.prismaOrm.table.delete({\n      where: { id }\n    });\n\n    return prisma;\n  }\n}"]},"_coverageSchema":"1a1c01bbd47fc00a2c39e90264f33305004495a9","hash":"98d4ceebe9aad232cd681d4d5e276621dc03ddfd","contentHash":"55e9b88a5617f36785f9cd36e728ee5af8b3481e195b2612c9b2ff69f52c68bc"},"/home/thiago/Documentos/Trybe/ExerciciosTrybe/ProjetoTrybe/DesafioTecnico/back-end/src/Model/ListModel.ts":{"path":"/home/thiago/Documentos/Trybe/ExerciciosTrybe/ProjetoTrybe/DesafioTecnico/back-end/src/Model/ListModel.ts","statementMap":{"0":{"start":{"line":2,"column":16},"end":{"line":10,"column":1}},"1":{"start":{"line":3,"column":28},"end":{"line":3,"column":110}},"2":{"start":{"line":3,"column":91},"end":{"line":3,"column":106}},"3":{"start":{"line":4,"column":4},"end":{"line":9,"column":7}},"4":{"start":{"line":5,"column":36},"end":{"line":5,"column":97}},"5":{"start":{"line":5,"column":42},"end":{"line":5,"column":70}},"6":{"start":{"line":5,"column":85},"end":{"line":5,"column":95}},"7":{"start":{"line":6,"column":35},"end":{"line":6,"column":100}},"8":{"start":{"line":6,"column":41},"end":{"line":6,"column":73}},"9":{"start":{"line":6,"column":88},"end":{"line":6,"column":98}},"10":{"start":{"line":7,"column":32},"end":{"line":7,"column":116}},"11":{"start":{"line":8,"column":8},"end":{"line":8,"column":78}},"12":{"start":{"line":11,"column":18},"end":{"line":37,"column":1}},"13":{"start":{"line":12,"column":12},"end":{"line":12,"column":104}},"14":{"start":{"line":12,"column":43},"end":{"line":12,"column":68}},"15":{"start":{"line":12,"column":57},"end":{"line":12,"column":68}},"16":{"start":{"line":12,"column":69},"end":{"line":12,"column":81}},"17":{"start":{"line":13,"column":4},"end":{"line":13,"column":157}},"18":{"start":{"line":13,"column":138},"end":{"line":13,"column":150}},"19":{"start":{"line":14,"column":23},"end":{"line":14,"column":68}},"20":{"start":{"line":14,"column":45},"end":{"line":14,"column":65}},"21":{"start":{"line":16,"column":8},"end":{"line":16,"column":70}},"22":{"start":{"line":16,"column":15},"end":{"line":16,"column":70}},"23":{"start":{"line":17,"column":8},"end":{"line":34,"column":66}},"24":{"start":{"line":17,"column":18},"end":{"line":34,"column":66}},"25":{"start":{"line":18,"column":12},"end":{"line":18,"column":169}},"26":{"start":{"line":18,"column":160},"end":{"line":18,"column":169}},"27":{"start":{"line":19,"column":12},"end":{"line":19,"column":52}},"28":{"start":{"line":19,"column":26},"end":{"line":19,"column":52}},"29":{"start":{"line":20,"column":12},"end":{"line":32,"column":13}},"30":{"start":{"line":21,"column":32},"end":{"line":21,"column":39}},"31":{"start":{"line":21,"column":40},"end":{"line":21,"column":46}},"32":{"start":{"line":22,"column":24},"end":{"line":22,"column":34}},"33":{"start":{"line":22,"column":35},"end":{"line":22,"column":72}},"34":{"start":{"line":23,"column":24},"end":{"line":23,"column":34}},"35":{"start":{"line":23,"column":35},"end":{"line":23,"column":45}},"36":{"start":{"line":23,"column":46},"end":{"line":23,"column":55}},"37":{"start":{"line":23,"column":56},"end":{"line":23,"column":65}},"38":{"start":{"line":24,"column":24},"end":{"line":24,"column":41}},"39":{"start":{"line":24,"column":42},"end":{"line":24,"column":55}},"40":{"start":{"line":24,"column":56},"end":{"line":24,"column":65}},"41":{"start":{"line":26,"column":20},"end":{"line":26,"column":128}},"42":{"start":{"line":26,"column":110},"end":{"line":26,"column":116}},"43":{"start":{"line":26,"column":117},"end":{"line":26,"column":126}},"44":{"start":{"line":27,"column":20},"end":{"line":27,"column":106}},"45":{"start":{"line":27,"column":81},"end":{"line":27,"column":97}},"46":{"start":{"line":27,"column":98},"end":{"line":27,"column":104}},"47":{"start":{"line":28,"column":20},"end":{"line":28,"column":89}},"48":{"start":{"line":28,"column":57},"end":{"line":28,"column":72}},"49":{"start":{"line":28,"column":73},"end":{"line":28,"column":80}},"50":{"start":{"line":28,"column":81},"end":{"line":28,"column":87}},"51":{"start":{"line":29,"column":20},"end":{"line":29,"column":87}},"52":{"start":{"line":29,"column":47},"end":{"line":29,"column":62}},"53":{"start":{"line":29,"column":63},"end":{"line":29,"column":78}},"54":{"start":{"line":29,"column":79},"end":{"line":29,"column":85}},"55":{"start":{"line":30,"column":20},"end":{"line":30,"column":42}},"56":{"start":{"line":30,"column":30},"end":{"line":30,"column":42}},"57":{"start":{"line":31,"column":20},"end":{"line":31,"column":33}},"58":{"start":{"line":31,"column":34},"end":{"line":31,"column":43}},"59":{"start":{"line":33,"column":12},"end":{"line":33,"column":39}},"60":{"start":{"line":34,"column":22},"end":{"line":34,"column":34}},"61":{"start":{"line":34,"column":35},"end":{"line":34,"column":41}},"62":{"start":{"line":34,"column":54},"end":{"line":34,"column":64}},"63":{"start":{"line":35,"column":8},"end":{"line":35,"column":35}},"64":{"start":{"line":35,"column":23},"end":{"line":35,"column":35}},"65":{"start":{"line":35,"column":36},"end":{"line":35,"column":89}},"66":{"start":{"line":38,"column":0},"end":{"line":38,"column":62}},"67":{"start":{"line":39,"column":31},"end":{"line":109,"column":3}},"68":{"start":{"line":41,"column":8},"end":{"line":41,"column":35}},"69":{"start":{"line":43,"column":4},"end":{"line":55,"column":6}},"70":{"start":{"line":44,"column":8},"end":{"line":54,"column":11}},"71":{"start":{"line":46,"column":12},"end":{"line":53,"column":15}},"72":{"start":{"line":47,"column":16},"end":{"line":52,"column":17}},"73":{"start":{"line":48,"column":28},"end":{"line":48,"column":77}},"74":{"start":{"line":50,"column":24},"end":{"line":50,"column":41}},"75":{"start":{"line":51,"column":24},"end":{"line":51,"column":52}},"76":{"start":{"line":56,"column":4},"end":{"line":68,"column":6}},"77":{"start":{"line":57,"column":8},"end":{"line":67,"column":11}},"78":{"start":{"line":59,"column":12},"end":{"line":66,"column":15}},"79":{"start":{"line":60,"column":16},"end":{"line":65,"column":17}},"80":{"start":{"line":61,"column":28},"end":{"line":61,"column":75}},"81":{"start":{"line":63,"column":24},"end":{"line":63,"column":41}},"82":{"start":{"line":64,"column":24},"end":{"line":64,"column":52}},"83":{"start":{"line":69,"column":4},"end":{"line":81,"column":6}},"84":{"start":{"line":70,"column":8},"end":{"line":80,"column":11}},"85":{"start":{"line":72,"column":12},"end":{"line":79,"column":15}},"86":{"start":{"line":73,"column":16},"end":{"line":78,"column":17}},"87":{"start":{"line":74,"column":28},"end":{"line":74,"column":78}},"88":{"start":{"line":76,"column":24},"end":{"line":76,"column":41}},"89":{"start":{"line":77,"column":24},"end":{"line":77,"column":52}},"90":{"start":{"line":82,"column":4},"end":{"line":94,"column":6}},"91":{"start":{"line":83,"column":8},"end":{"line":93,"column":11}},"92":{"start":{"line":85,"column":12},"end":{"line":92,"column":15}},"93":{"start":{"line":86,"column":16},"end":{"line":91,"column":17}},"94":{"start":{"line":87,"column":28},"end":{"line":87,"column":82}},"95":{"start":{"line":89,"column":24},"end":{"line":89,"column":41}},"96":{"start":{"line":90,"column":24},"end":{"line":90,"column":52}},"97":{"start":{"line":95,"column":4},"end":{"line":107,"column":6}},"98":{"start":{"line":96,"column":8},"end":{"line":106,"column":11}},"99":{"start":{"line":98,"column":12},"end":{"line":105,"column":15}},"100":{"start":{"line":99,"column":16},"end":{"line":104,"column":17}},"101":{"start":{"line":100,"column":28},"end":{"line":100,"column":76}},"102":{"start":{"line":102,"column":24},"end":{"line":102,"column":41}},"103":{"start":{"line":103,"column":24},"end":{"line":103,"column":52}},"104":{"start":{"line":108,"column":4},"end":{"line":108,"column":21}},"105":{"start":{"line":110,"column":0},"end":{"line":110,"column":28}}},"fnMap":{"0":{"name":"(anonymous_0)","decl":{"start":{"line":2,"column":44},"end":{"line":2,"column":45}},"loc":{"start":{"line":2,"column":89},"end":{"line":10,"column":1}},"line":2},"1":{"name":"adopt","decl":{"start":{"line":3,"column":13},"end":{"line":3,"column":18}},"loc":{"start":{"line":3,"column":26},"end":{"line":3,"column":112}},"line":3},"2":{"name":"(anonymous_2)","decl":{"start":{"line":3,"column":70},"end":{"line":3,"column":71}},"loc":{"start":{"line":3,"column":89},"end":{"line":3,"column":108}},"line":3},"3":{"name":"(anonymous_3)","decl":{"start":{"line":4,"column":36},"end":{"line":4,"column":37}},"loc":{"start":{"line":4,"column":63},"end":{"line":9,"column":5}},"line":4},"4":{"name":"fulfilled","decl":{"start":{"line":5,"column":17},"end":{"line":5,"column":26}},"loc":{"start":{"line":5,"column":34},"end":{"line":5,"column":99}},"line":5},"5":{"name":"rejected","decl":{"start":{"line":6,"column":17},"end":{"line":6,"column":25}},"loc":{"start":{"line":6,"column":33},"end":{"line":6,"column":102}},"line":6},"6":{"name":"step","decl":{"start":{"line":7,"column":17},"end":{"line":7,"column":21}},"loc":{"start":{"line":7,"column":30},"end":{"line":7,"column":118}},"line":7},"7":{"name":"(anonymous_7)","decl":{"start":{"line":11,"column":48},"end":{"line":11,"column":49}},"loc":{"start":{"line":11,"column":73},"end":{"line":37,"column":1}},"line":11},"8":{"name":"(anonymous_8)","decl":{"start":{"line":12,"column":30},"end":{"line":12,"column":31}},"loc":{"start":{"line":12,"column":41},"end":{"line":12,"column":83}},"line":12},"9":{"name":"(anonymous_9)","decl":{"start":{"line":13,"column":125},"end":{"line":13,"column":126}},"loc":{"start":{"line":13,"column":136},"end":{"line":13,"column":152}},"line":13},"10":{"name":"verb","decl":{"start":{"line":14,"column":13},"end":{"line":14,"column":17}},"loc":{"start":{"line":14,"column":21},"end":{"line":14,"column":70}},"line":14},"11":{"name":"(anonymous_11)","decl":{"start":{"line":14,"column":30},"end":{"line":14,"column":31}},"loc":{"start":{"line":14,"column":43},"end":{"line":14,"column":67}},"line":14},"12":{"name":"step","decl":{"start":{"line":15,"column":13},"end":{"line":15,"column":17}},"loc":{"start":{"line":15,"column":22},"end":{"line":36,"column":5}},"line":15},"13":{"name":"(anonymous_13)","decl":{"start":{"line":39,"column":31},"end":{"line":39,"column":32}},"loc":{"start":{"line":39,"column":43},"end":{"line":109,"column":1}},"line":39},"14":{"name":"ListModel","decl":{"start":{"line":40,"column":13},"end":{"line":40,"column":22}},"loc":{"start":{"line":40,"column":34},"end":{"line":42,"column":5}},"line":40},"15":{"name":"(anonymous_15)","decl":{"start":{"line":43,"column":34},"end":{"line":43,"column":35}},"loc":{"start":{"line":43,"column":48},"end":{"line":55,"column":5}},"line":43},"16":{"name":"(anonymous_16)","decl":{"start":{"line":44,"column":47},"end":{"line":44,"column":48}},"loc":{"start":{"line":44,"column":59},"end":{"line":54,"column":9}},"line":44},"17":{"name":"(anonymous_17)","decl":{"start":{"line":46,"column":37},"end":{"line":46,"column":38}},"loc":{"start":{"line":46,"column":51},"end":{"line":53,"column":13}},"line":46},"18":{"name":"(anonymous_18)","decl":{"start":{"line":56,"column":34},"end":{"line":56,"column":35}},"loc":{"start":{"line":56,"column":46},"end":{"line":68,"column":5}},"line":56},"19":{"name":"(anonymous_19)","decl":{"start":{"line":57,"column":47},"end":{"line":57,"column":48}},"loc":{"start":{"line":57,"column":59},"end":{"line":67,"column":9}},"line":57},"20":{"name":"(anonymous_20)","decl":{"start":{"line":59,"column":37},"end":{"line":59,"column":38}},"loc":{"start":{"line":59,"column":51},"end":{"line":66,"column":13}},"line":59},"21":{"name":"(anonymous_21)","decl":{"start":{"line":69,"column":33},"end":{"line":69,"column":34}},"loc":{"start":{"line":69,"column":49},"end":{"line":81,"column":5}},"line":69},"22":{"name":"(anonymous_22)","decl":{"start":{"line":70,"column":47},"end":{"line":70,"column":48}},"loc":{"start":{"line":70,"column":59},"end":{"line":80,"column":9}},"line":70},"23":{"name":"(anonymous_23)","decl":{"start":{"line":72,"column":37},"end":{"line":72,"column":38}},"loc":{"start":{"line":72,"column":51},"end":{"line":79,"column":13}},"line":72},"24":{"name":"(anonymous_24)","decl":{"start":{"line":82,"column":33},"end":{"line":82,"column":34}},"loc":{"start":{"line":82,"column":53},"end":{"line":94,"column":5}},"line":82},"25":{"name":"(anonymous_25)","decl":{"start":{"line":83,"column":47},"end":{"line":83,"column":48}},"loc":{"start":{"line":83,"column":59},"end":{"line":93,"column":9}},"line":83},"26":{"name":"(anonymous_26)","decl":{"start":{"line":85,"column":37},"end":{"line":85,"column":38}},"loc":{"start":{"line":85,"column":51},"end":{"line":92,"column":13}},"line":85},"27":{"name":"(anonymous_27)","decl":{"start":{"line":95,"column":33},"end":{"line":95,"column":34}},"loc":{"start":{"line":95,"column":47},"end":{"line":107,"column":5}},"line":95},"28":{"name":"(anonymous_28)","decl":{"start":{"line":96,"column":47},"end":{"line":96,"column":48}},"loc":{"start":{"line":96,"column":59},"end":{"line":106,"column":9}},"line":96},"29":{"name":"(anonymous_29)","decl":{"start":{"line":98,"column":37},"end":{"line":98,"column":38}},"loc":{"start":{"line":98,"column":51},"end":{"line":105,"column":13}},"line":98}},"branchMap":{"0":{"loc":{"start":{"line":2,"column":16},"end":{"line":10,"column":1}},"type":"binary-expr","locations":[{"start":{"line":2,"column":17},"end":{"line":2,"column":21}},{"start":{"line":2,"column":25},"end":{"line":2,"column":39}},{"start":{"line":2,"column":44},"end":{"line":10,"column":1}}],"line":2},"1":{"loc":{"start":{"line":3,"column":35},"end":{"line":3,"column":109}},"type":"cond-expr","locations":[{"start":{"line":3,"column":56},"end":{"line":3,"column":61}},{"start":{"line":3,"column":64},"end":{"line":3,"column":109}}],"line":3},"2":{"loc":{"start":{"line":4,"column":16},"end":{"line":4,"column":34}},"type":"binary-expr","locations":[{"start":{"line":4,"column":16},"end":{"line":4,"column":17}},{"start":{"line":4,"column":22},"end":{"line":4,"column":33}}],"line":4},"3":{"loc":{"start":{"line":7,"column":32},"end":{"line":7,"column":115}},"type":"cond-expr","locations":[{"start":{"line":7,"column":46},"end":{"line":7,"column":67}},{"start":{"line":7,"column":70},"end":{"line":7,"column":115}}],"line":7},"4":{"loc":{"start":{"line":8,"column":51},"end":{"line":8,"column":67}},"type":"binary-expr","locations":[{"start":{"line":8,"column":51},"end":{"line":8,"column":61}},{"start":{"line":8,"column":65},"end":{"line":8,"column":67}}],"line":8},"5":{"loc":{"start":{"line":11,"column":18},"end":{"line":37,"column":1}},"type":"binary-expr","locations":[{"start":{"line":11,"column":19},"end":{"line":11,"column":23}},{"start":{"line":11,"column":27},"end":{"line":11,"column":43}},{"start":{"line":11,"column":48},"end":{"line":37,"column":1}}],"line":11},"6":{"loc":{"start":{"line":12,"column":43},"end":{"line":12,"column":68}},"type":"if","locations":[{"start":{"line":12,"column":43},"end":{"line":12,"column":68}},{"start":{"line":12,"column":43},"end":{"line":12,"column":68}}],"line":12},"7":{"loc":{"start":{"line":13,"column":71},"end":{"line":13,"column":153}},"type":"binary-expr","locations":[{"start":{"line":13,"column":71},"end":{"line":13,"column":99}},{"start":{"line":13,"column":104},"end":{"line":13,"column":152}}],"line":13},"8":{"loc":{"start":{"line":16,"column":8},"end":{"line":16,"column":70}},"type":"if","locations":[{"start":{"line":16,"column":8},"end":{"line":16,"column":70}},{"start":{"line":16,"column":8},"end":{"line":16,"column":70}}],"line":16},"9":{"loc":{"start":{"line":18,"column":12},"end":{"line":18,"column":169}},"type":"if","locations":[{"start":{"line":18,"column":12},"end":{"line":18,"column":169}},{"start":{"line":18,"column":12},"end":{"line":18,"column":169}}],"line":18},"10":{"loc":{"start":{"line":18,"column":23},"end":{"line":18,"column":158}},"type":"binary-expr","locations":[{"start":{"line":18,"column":23},"end":{"line":18,"column":24}},{"start":{"line":18,"column":29},"end":{"line":18,"column":125}},{"start":{"line":18,"column":130},"end":{"line":18,"column":158}}],"line":18},"11":{"loc":{"start":{"line":18,"column":33},"end":{"line":18,"column":125}},"type":"cond-expr","locations":[{"start":{"line":18,"column":45},"end":{"line":18,"column":56}},{"start":{"line":18,"column":59},"end":{"line":18,"column":125}}],"line":18},"12":{"loc":{"start":{"line":18,"column":59},"end":{"line":18,"column":125}},"type":"cond-expr","locations":[{"start":{"line":18,"column":67},"end":{"line":18,"column":116}},{"start":{"line":18,"column":119},"end":{"line":18,"column":125}}],"line":18},"13":{"loc":{"start":{"line":18,"column":67},"end":{"line":18,"column":116}},"type":"binary-expr","locations":[{"start":{"line":18,"column":67},"end":{"line":18,"column":77}},{"start":{"line":18,"column":82},"end":{"line":18,"column":115}}],"line":18},"14":{"loc":{"start":{"line":18,"column":82},"end":{"line":18,"column":112}},"type":"binary-expr","locations":[{"start":{"line":18,"column":83},"end":{"line":18,"column":98}},{"start":{"line":18,"column":103},"end":{"line":18,"column":112}}],"line":18},"15":{"loc":{"start":{"line":19,"column":12},"end":{"line":19,"column":52}},"type":"if","locations":[{"start":{"line":19,"column":12},"end":{"line":19,"column":52}},{"start":{"line":19,"column":12},"end":{"line":19,"column":52}}],"line":19},"16":{"loc":{"start":{"line":20,"column":12},"end":{"line":32,"column":13}},"type":"switch","locations":[{"start":{"line":21,"column":16},"end":{"line":21,"column":23}},{"start":{"line":21,"column":24},"end":{"line":21,"column":46}},{"start":{"line":22,"column":16},"end":{"line":22,"column":72}},{"start":{"line":23,"column":16},"end":{"line":23,"column":65}},{"start":{"line":24,"column":16},"end":{"line":24,"column":65}},{"start":{"line":25,"column":16},"end":{"line":31,"column":43}}],"line":20},"17":{"loc":{"start":{"line":26,"column":20},"end":{"line":26,"column":128}},"type":"if","locations":[{"start":{"line":26,"column":20},"end":{"line":26,"column":128}},{"start":{"line":26,"column":20},"end":{"line":26,"column":128}}],"line":26},"18":{"loc":{"start":{"line":26,"column":24},"end":{"line":26,"column":106}},"type":"binary-expr","locations":[{"start":{"line":26,"column":24},"end":{"line":26,"column":74}},{"start":{"line":26,"column":79},"end":{"line":26,"column":90}},{"start":{"line":26,"column":94},"end":{"line":26,"column":105}}],"line":26},"19":{"loc":{"start":{"line":26,"column":42},"end":{"line":26,"column":73}},"type":"binary-expr","locations":[{"start":{"line":26,"column":42},"end":{"line":26,"column":54}},{"start":{"line":26,"column":58},"end":{"line":26,"column":73}}],"line":26},"20":{"loc":{"start":{"line":27,"column":20},"end":{"line":27,"column":106}},"type":"if","locations":[{"start":{"line":27,"column":20},"end":{"line":27,"column":106}},{"start":{"line":27,"column":20},"end":{"line":27,"column":106}}],"line":27},"21":{"loc":{"start":{"line":27,"column":24},"end":{"line":27,"column":77}},"type":"binary-expr","locations":[{"start":{"line":27,"column":24},"end":{"line":27,"column":35}},{"start":{"line":27,"column":40},"end":{"line":27,"column":42}},{"start":{"line":27,"column":47},"end":{"line":27,"column":59}},{"start":{"line":27,"column":63},"end":{"line":27,"column":75}}],"line":27},"22":{"loc":{"start":{"line":28,"column":20},"end":{"line":28,"column":89}},"type":"if","locations":[{"start":{"line":28,"column":20},"end":{"line":28,"column":89}},{"start":{"line":28,"column":20},"end":{"line":28,"column":89}}],"line":28},"23":{"loc":{"start":{"line":28,"column":24},"end":{"line":28,"column":53}},"type":"binary-expr","locations":[{"start":{"line":28,"column":24},"end":{"line":28,"column":35}},{"start":{"line":28,"column":39},"end":{"line":28,"column":53}}],"line":28},"24":{"loc":{"start":{"line":29,"column":20},"end":{"line":29,"column":87}},"type":"if","locations":[{"start":{"line":29,"column":20},"end":{"line":29,"column":87}},{"start":{"line":29,"column":20},"end":{"line":29,"column":87}}],"line":29},"25":{"loc":{"start":{"line":29,"column":24},"end":{"line":29,"column":43}},"type":"binary-expr","locations":[{"start":{"line":29,"column":24},"end":{"line":29,"column":25}},{"start":{"line":29,"column":29},"end":{"line":29,"column":43}}],"line":29},"26":{"loc":{"start":{"line":30,"column":20},"end":{"line":30,"column":42}},"type":"if","locations":[{"start":{"line":30,"column":20},"end":{"line":30,"column":42}},{"start":{"line":30,"column":20},"end":{"line":30,"column":42}}],"line":30},"27":{"loc":{"start":{"line":35,"column":8},"end":{"line":35,"column":35}},"type":"if","locations":[{"start":{"line":35,"column":8},"end":{"line":35,"column":35}},{"start":{"line":35,"column":8},"end":{"line":35,"column":35}}],"line":35},"28":{"loc":{"start":{"line":35,"column":52},"end":{"line":35,"column":74}},"type":"cond-expr","locations":[{"start":{"line":35,"column":60},"end":{"line":35,"column":65}},{"start":{"line":35,"column":68},"end":{"line":35,"column":74}}],"line":35},"29":{"loc":{"start":{"line":47,"column":16},"end":{"line":52,"column":17}},"type":"switch","locations":[{"start":{"line":48,"column":20},"end":{"line":48,"column":77}},{"start":{"line":49,"column":20},"end":{"line":51,"column":52}}],"line":47},"30":{"loc":{"start":{"line":60,"column":16},"end":{"line":65,"column":17}},"type":"switch","locations":[{"start":{"line":61,"column":20},"end":{"line":61,"column":75}},{"start":{"line":62,"column":20},"end":{"line":64,"column":52}}],"line":60},"31":{"loc":{"start":{"line":73,"column":16},"end":{"line":78,"column":17}},"type":"switch","locations":[{"start":{"line":74,"column":20},"end":{"line":74,"column":78}},{"start":{"line":75,"column":20},"end":{"line":77,"column":52}}],"line":73},"32":{"loc":{"start":{"line":86,"column":16},"end":{"line":91,"column":17}},"type":"switch","locations":[{"start":{"line":87,"column":20},"end":{"line":87,"column":82}},{"start":{"line":88,"column":20},"end":{"line":90,"column":52}}],"line":86},"33":{"loc":{"start":{"line":99,"column":16},"end":{"line":104,"column":17}},"type":"switch","locations":[{"start":{"line":100,"column":20},"end":{"line":100,"column":76}},{"start":{"line":101,"column":20},"end":{"line":103,"column":52}}],"line":99}},"s":{"0":1,"1":8,"2":0,"3":8,"4":8,"5":8,"6":0,"7":0,"8":0,"9":0,"10":16,"11":8,"12":1,"13":8,"14":8,"15":0,"16":8,"17":8,"18":0,"19":24,"20":16,"21":16,"22":0,"23":16,"24":32,"25":32,"26":0,"27":32,"28":0,"29":32,"30":16,"31":16,"32":8,"33":8,"34":0,"35":0,"36":0,"37":0,"38":0,"39":0,"40":0,"41":8,"42":8,"43":8,"44":0,"45":0,"46":0,"47":0,"48":0,"49":0,"50":0,"51":0,"52":0,"53":0,"54":0,"55":0,"56":0,"57":0,"58":0,"59":16,"60":0,"61":0,"62":32,"63":8,"64":0,"65":8,"66":1,"67":1,"68":1,"69":1,"70":4,"71":4,"72":8,"73":4,"74":4,"75":4,"76":1,"77":1,"78":1,"79":2,"80":1,"81":1,"82":1,"83":1,"84":1,"85":1,"86":2,"87":1,"88":1,"89":1,"90":1,"91":1,"92":1,"93":2,"94":1,"95":1,"96":1,"97":1,"98":1,"99":1,"100":2,"101":1,"102":1,"103":1,"104":1,"105":1},"f":{"0":8,"1":8,"2":0,"3":8,"4":8,"5":0,"6":16,"7":8,"8":8,"9":0,"10":24,"11":16,"12":16,"13":1,"14":1,"15":4,"16":4,"17":8,"18":1,"19":1,"20":2,"21":1,"22":1,"23":2,"24":1,"25":1,"26":2,"27":1,"28":1,"29":2},"b":{"0":[1,1,1],"1":[8,0],"2":[8,8],"3":[8,8],"4":[8,8],"5":[1,1,1],"6":[0,8],"7":[8,8],"8":[0,16],"9":[0,32],"10":[32,0,0],"11":[0,0],"12":[0,0],"13":[0,0],"14":[0,0],"15":[0,32],"16":[16,16,8,0,0,8],"17":[8,0],"18":[8,8,8],"19":[8,0],"20":[0,0],"21":[0,0,0,0],"22":[0,0],"23":[0,0],"24":[0,0],"25":[0,0],"26":[0,0],"27":[0,8],"28":[8,0],"29":[4,4],"30":[1,1],"31":[1,1],"32":[1,1],"33":[1,1]},"inputSourceMap":{"version":3,"file":"/home/thiago/Documento
[...]
ine":11,"column":73},"end":{"line":37,"column":1}},"line":11},"8":{"name":"(anonymous_8)","decl":{"start":{"line":12,"column":30},"end":{"line":12,"column":31}},"loc":{"start":{"line":12,"column":41},"end":{"line":12,"column":83}},"line":12},"9":{"name":"(anonymous_9)","decl":{"start":{"line":13,"column":125},"end":{"line":13,"column":126}},"loc":{"start":{"line":13,"column":136},"end":{"line":13,"column":152}},"line":13},"10":{"name":"verb","decl":{"start":{"line":14,"column":13},"end":{"line":14,"column":17}},"loc":{"start":{"line":14,"column":21},"end":{"line":14,"column":70}},"line":14},"11":{"name":"(anonymous_11)","decl":{"start":{"line":14,"column":30},"end":{"line":14,"column":31}},"loc":{"start":{"line":14,"column":43},"end":{"line":14,"column":67}},"line":14},"12":{"name":"step","decl":{"start":{"line":15,"column":13},"end":{"line":15,"column":17}},"loc":{"start":{"line":15,"column":22},"end":{"line":36,"column":5}},"line":15},"13":{"name":"(anonymous_13)","decl":{"start":{"line":39,"column":32},"end":{"line":39,"column":33}},"loc":{"start":{"line":39,"column":44},"end":{"line":108,"column":1}},"line":39},"14":{"name":"ListServer","decl":{"start":{"line":40,"column":13},"end":{"line":40,"column":23}},"loc":{"start":{"line":40,"column":35},"end":{"line":42,"column":5}},"line":40},"15":{"name":"(anonymous_15)","decl":{"start":{"line":43,"column":35},"end":{"line":43,"column":36}},"loc":{"start":{"line":43,"column":47},"end":{"line":55,"column":5}},"line":43},"16":{"name":"(anonymous_16)","decl":{"start":{"line":44,"column":47},"end":{"line":44,"column":48}},"loc":{"start":{"line":44,"column":59},"end":{"line":54,"column":9}},"line":44},"17":{"name":"(anonymous_17)","decl":{"start":{"line":46,"column":37},"end":{"line":46,"column":38}},"loc":{"start":{"line":46,"column":51},"end":{"line":53,"column":13}},"line":46},"18":{"name":"(anonymous_18)","decl":{"start":{"line":56,"column":34},"end":{"line":56,"column":35}},"loc":{"start":{"line":56,"column":50},"end":{"line":68,"column":5}},"line":56},"19":{"name":"(anonymous_19)","decl":{"start":{"line":57,"column":47},"end":{"line":57,"column":48}},"loc":{"start":{"line":57,"column":59},"end":{"line":67,"column":9}},"line":57},"20":{"name":"(anonymous_20)","decl":{"start":{"line":59,"column":37},"end":{"line":59,"column":38}},"loc":{"start":{"line":59,"column":51},"end":{"line":66,"column":13}},"line":59},"21":{"name":"(anonymous_21)","decl":{"start":{"line":69,"column":34},"end":{"line":69,"column":35}},"loc":{"start":{"line":69,"column":54},"end":{"line":87,"column":5}},"line":69},"22":{"name":"(anonymous_22)","decl":{"start":{"line":70,"column":47},"end":{"line":70,"column":48}},"loc":{"start":{"line":70,"column":59},"end":{"line":86,"column":9}},"line":70},"23":{"name":"(anonymous_23)","decl":{"start":{"line":72,"column":37},"end":{"line":72,"column":38}},"loc":{"start":{"line":72,"column":51},"end":{"line":85,"column":13}},"line":72},"24":{"name":"(anonymous_24)","decl":{"start":{"line":88,"column":34},"end":{"line":88,"column":35}},"loc":{"start":{"line":88,"column":48},"end":{"line":106,"column":5}},"line":88},"25":{"name":"(anonymous_25)","decl":{"start":{"line":89,"column":47},"end":{"line":89,"column":48}},"loc":{"start":{"line":89,"column":59},"end":{"line":105,"column":9}},"line":89},"26":{"name":"(anonymous_26)","decl":{"start":{"line":91,"column":37},"end":{"line":91,"column":38}},"loc":{"start":{"line":91,"column":51},"end":{"line":104,"column":13}},"line":91}},"branchMap":{"0":{"loc":{"start":{"line":2,"column":16},"end":{"line":10,"column":1}},"type":"binary-expr","locations":[{"start":{"line":2,"column":17},"end":{"line":2,"column":21}},{"start":{"line":2,"column":25},"end":{"line":2,"column":39}},{"start":{"line":2,"column":44},"end":{"line":10,"column":1}}],"line":2},"1":{"loc":{"start":{"line":3,"column":35},"end":{"line":3,"column":109}},"type":"cond-expr","locations":[{"start":{"line":3,"column":56},"end":{"line":3,"column":61}},{"start":{"line":3,"column":64},"end":{"line":3,"column":109}}],"line":3},"2":{"loc":{"start":{"line":4,"column":16},"end":{"line":4,"column":34}},"type":"binary-expr","locations":[{"start":{"line":4,"column":16},"end":{"line":4,"column":17}},{"start":{"line":4,"column":22},"end":{"line":4,"column":33}}],"line":4},"3":{"loc":{"start":{"line":7,"column":32},"end":{"line":7,"column":115}},"type":"cond-expr","locations":[{"start":{"line":7,"column":46},"end":{"line":7,"column":67}},{"start":{"line":7,"column":70},"end":{"line":7,"column":115}}],"line":7},"4":{"loc":{"start":{"line":8,"column":51},"end":{"line":8,"column":67}},"type":"binary-expr","locations":[{"start":{"line":8,"column":51},"end":{"line":8,"column":61}},{"start":{"line":8,"column":65},"end":{"line":8,"column":67}}],"line":8},"5":{"loc":{"start":{"line":11,"column":18},"end":{"line":37,"column":1}},"type":"binary-expr","locations":[{"start":{"line":11,"column":19},"end":{"line":11,"column":23}},{"start":{"line":11,"column":27},"end":{"line":11,"column":43}},{"start":{"line":11,"column":48},"end":{"line":37,"column":1}}],"line":11},"6":{"loc":{"start":{"line":12,"column":43},"end":{"line":12,"column":68}},"type":"if","locations":[{"start":{"line":12,"column":43},"end":{"line":12,"column":68}},{"start":{"line":12,"column":43},"end":{"line":12,"column":68}}],"line":12},"7":{"loc":{"start":{"line":13,"column":71},"end":{"line":13,"column":153}},"type":"binary-expr","locations":[{"start":{"line":13,"column":71},"end":{"line":13,"column":99}},{"start":{"line":13,"column":104},"end":{"line":13,"column":152}}],"line":13},"8":{"loc":{"start":{"line":16,"column":8},"end":{"line":16,"column":70}},"type":"if","locations":[{"start":{"line":16,"column":8},"end":{"line":16,"column":70}},{"start":{"line":16,"column":8},"end":{"line":16,"column":70}}],"line":16},"9":{"loc":{"start":{"line":18,"column":12},"end":{"line":18,"column":169}},"type":"if","locations":[{"start":{"line":18,"column":12},"end":{"line":18,"column":169}},{"start":{"line":18,"column":12},"end":{"line":18,"column":169}}],"line":18},"10":{"loc":{"start":{"line":18,"column":23},"end":{"line":18,"column":158}},"type":"binary-expr","locations":[{"start":{"line":18,"column":23},"end":{"line":18,"column":24}},{"start":{"line":18,"column":29},"end":{"line":18,"column":125}},{"start":{"line":18,"column":130},"end":{"line":18,"column":158}}],"line":18},"11":{"loc":{"start":{"line":18,"column":33},"end":{"line":18,"column":125}},"type":"cond-expr","locations":[{"start":{"line":18,"column":45},"end":{"line":18,"column":56}},{"start":{"line":18,"column":59},"end":{"line":18,"column":125}}],"line":18},"12":{"loc":{"start":{"line":18,"column":59},"end":{"line":18,"column":125}},"type":"cond-expr","locations":[{"start":{"line":18,"column":67},"end":{"line":18,"column":116}},{"start":{"line":18,"column":119},"end":{"line":18,"column":125}}],"line":18},"13":{"loc":{"start":{"line":18,"column":67},"end":{"line":18,"column":116}},"type":"binary-expr","locations":[{"start":{"line":18,"column":67},"end":{"line":18,"column":77}},{"start":{"line":18,"column":82},"end":{"line":18,"column":115}}],"line":18},"14":{"loc":{"start":{"line":18,"column":82},"end":{"line":18,"column":112}},"type":"binary-expr","locations":[{"start":{"line":18,"column":83},"end":{"line":18,"column":98}},{"start":{"line":18,"column":103},"end":{"line":18,"column":112}}],"line":18},"15":{"loc":{"start":{"line":19,"column":12},"end":{"line":19,"column":52}},"type":"if","locations":[{"start":{"line":19,"column":12},"end":{"line":19,"column":52}},{"start":{"line":19,"column":12},"end":{"line":19,"column":52}}],"line":19},"16":{"loc":{"start":{"line":20,"column":12},"end":{"line":32,"column":13}},"type":"switch","locations":[{"start":{"line":21,"column":16},"end":{"line":21,"column":23}},{"start":{"line":21,"column":24},"end":{"line":21,"column":46}},{"start":{"line":22,"column":16},"end":{"line":22,"column":72}},{"start":{"line":23,"column":16},"end":{"line":23,"column":65}},{"start":{"line":24,"column":16},"end":{"line":24,"column":65}},{"start":{"line":25,"column":16},"end":{"line":31,"column":43}}],"line":20},"17":{"loc":{"start":{"line":26,"column":20},"end":{"line":26,"column":128}},"type":"if","locations":[{"start":{"line":26,"column":20},"end":{"line":26,"column":128}},{"start":{"line":26,"column":20},"end":{"line":26,"column":128}}],"line":26},"18":{"loc":{"start":{"line":26,"column":24},"end":{"line":26,"column":106}},"type":"binary-expr","locations":[{"start":{"line":26,"column":24},"end":{"line":26,"column":74}},{"start":{"line":26,"column":79},"end":{"line":26,"column":90}},{"start":{"line":26,"column":94},"end":{"line":26,"column":105}}],"line":26},"19":{"loc":{"start":{"line":26,"column":42},"end":{"line":26,"column":73}},"type":"binary-expr","locations":[{"start":{"line":26,"column":42},"end":{"line":26,"column":54}},{"start":{"line":26,"column":58},"end":{"line":26,"column":73}}],"line":26},"20":{"loc":{"start":{"line":27,"column":20},"end":{"line":27,"column":106}},"type":"if","locations":[{"start":{"line":27,"column":20},"end":{"line":27,"column":106}},{"start":{"line":27,"column":20},"end":{"line":27,"column":106}}],"line":27},"21":{"loc":{"start":{"line":27,"column":24},"end":{"line":27,"column":77}},"type":"binary-expr","locations":[{"start":{"line":27,"column":24},"end":{"line":27,"column":35}},{"start":{"line":27,"column":40},"end":{"line":27,"column":42}},{"start":{"line":27,"column":47},"end":{"line":27,"column":59}},{"start":{"line":27,"column":63},"end":{"line":27,"column":75}}],"line":27},"22":{"loc":{"start":{"line":28,"column":20},"end":{"line":28,"column":89}},"type":"if","locations":[{"start":{"line":28,"column":20},"end":{"line":28,"column":89}},{"start":{"line":28,"column":20},"end":{"line":28,"column":89}}],"line":28},"23":{"loc":{"start":{"line":28,"column":24},"end":{"line":28,"column":53}},"type":"binary-expr","locations":[{"start":{"line":28,"column":24},"end":{"line":28,"column":35}},{"start":{"line":28,"column":39},"end":{"line":28,"column":53}}],"line":28},"24":{"loc":{"start":{"line":29,"column":20},"end":{"line":29,"column":87}},"type":"if","locations":[{"start":{"line":29,"column":20},"end":{"line":29,"column":87}},{"start":{"line":29,"column":20},"end":{"line":29,"column":87}}],"line":29},"25":{"loc":{"start":{"line":29,"column":24},"end":{"line":29,"column":43}},"type":"binary-expr","locations":[{"start":{"line":29,"column":24},"end":{"line":29,"column":25}},{"start":{"line":29,"column":29},"end":{"line":29,"column":43}}],"line":29},"26":{"loc":{"start":{"line":30,"column":20},"end":{"line":30,"column":42}},"type":"if","locations":[{"start":{"line":30,"column":20},"end":{"line":30,"column":42}},{"start":{"line":30,"column":20},"end":{"line":30,"column":42}}],"line":30},"27":{"loc":{"start":{"line":35,"column":8},"end":{"line":35,"column":35}},"type":"if","locations":[{"start":{"line":35,"column":8},"end":{"line":35,"column":35}},{"start":{"line":35,"column":8},"end":{"line":35,"column":35}}],"line":35},"28":{"loc":{"start":{"line":35,"column":52},"end":{"line":35,"column":74}},"type":"cond-expr","locations":[{"start":{"line":35,"column":60},"end":{"line":35,"column":65}},{"start":{"line":35,"column":68},"end":{"line":35,"column":74}}],"line":35},"29":{"loc":{"start":{"line":47,"column":16},"end":{"line":52,"column":17}},"type":"switch","locations":[{"start":{"line":48,"column":20},"end":{"line":48,"column":75}},{"start":{"line":49,"column":20},"end":{"line":51,"column":52}}],"line":47},"30":{"loc":{"start":{"line":60,"column":16},"end":{"line":65,"column":17}},"type":"switch","locations":[{"start":{"line":61,"column":20},"end":{"line":61,"column":78}},{"start":{"line":62,"column":20},"end":{"line":64,"column":52}}],"line":60},"31":{"loc":{"start":{"line":73,"column":16},"end":{"line":84,"column":17}},"type":"switch","locations":[{"start":{"line":74,"column":20},"end":{"line":74,"column":77}},{"start":{"line":75,"column":20},"end":{"line":80,"column":78}},{"start":{"line":81,"column":20},"end":{"line":83,"column":52}}],"line":73},"32":{"loc":{"start":{"line":77,"column":24},"end":{"line":79,"column":25}},"type":"if","locations":[{"start":{"line":77,"column":24},"end":{"line":79,"column":25}},{"start":{"line":77,"column":24},"end":{"line":79,"column":25}}],"line":77},"33":{"loc":{"start":{"line":92,"column":16},"end":{"line":103,"column":17}},"type":"switch","locations":[{"start":{"line":93,"column":20},"end":{"line":93,"column":77}},{"start":{"line":94,"column":20},"end":{"line":99,"column":72}},{"start":{"line":100,"column":20},"end":{"line":102,"column":52}}],"line":92},"34":{"loc":{"start":{"line":96,"column":24},"end":{"line":98,"column":25}},"type":"if","locations":[{"start":{"line":96,"column":24},"end":{"line":98,"column":25}},{"start":{"line":96,"column":24},"end":{"line":98,"column":25}}],"line":96}},"s":{"0":1,"1":8,"2":0,"3":6,"4":8,"5":8,"6":0,"7":0,"8":0,"9":0,"10":14,"11":6,"12":1,"13":6,"14":8,"15":0,"16":8,"17":6,"18":0,"19":18,"20":14,"21":14,"22":0,"23":14,"24":28,"25":28,"26":0,"27":28,"28":0,"29":28,"30":14,"31":14,"32":8,"33":8,"34":0,"35":0,"36":0,"37":0,"38":0,"39":0,"40":0,"41":6,"42":6,"43":6,"44":0,"45":0,"46":0,"47":0,"48":0,"49":0,"50":0,"51":0,"52":0,"53":0,"54":0,"55":0,"56":0,"57":0,"58":0,"59":14,"60":0,"61":0,"62":28,"63":6,"64":0,"65":6,"66":1,"67":1,"68":1,"69":1,"70":1,"71":1,"72":2,"73":1,"74":1,"75":1,"76":1,"77":1,"78":1,"79":2,"80":1,"81":1,"82":1,"83":1,"84":2,"85":2,"86":5,"87":2,"88":2,"89":2,"90":1,"91":1,"92":1,"93":1,"94":1,"95":2,"96":2,"97":5,"98":2,"99":2,"100":2,"101":1,"102":1,"103":1,"104":1,"105":1,"106":1},"f":{"0":6,"1":8,"2":0,"3":6,"4":8,"5":0,"6":14,"7":6,"8":8,"9":0,"10":18,"11":14,"12":14,"13":1,"14":1,"15":1,"16":1,"17":2,"18":1,"19":1,"20":2,"21":2,"22":2,"23":5,"24":2,"25":2,"26":5},"b":{"0":[1,1,1],"1":[8,0],"2":[6,6],"3":[6,8],"4":[6,6],"5":[1,1,1],"6":[0,8],"7":[6,6],"8":[0,14],"9":[0,28],"10":[28,0,0],"11":[0,0],"12":[0,0],"13":[0,0],"14":[0,0],"15":[0,28],"16":[14,14,8,0,0,6],"17":[6,0],"18":[6,6,6],"19":[6,0],"20":[0,0],"21":[0,0,0,0],"22":[0,0],"23":[0,0],"24":[0,0],"25":[0,0],"26":[0,0],"27":[0,6],"28":[6,0],"29":[1,1],"30":[1,1],"31":[2,2,1],"32":[1,1],"33":[2,2,1],"34":[1,1]},"inputSourceMap":{"version":3,"file":"/home/thiago/Documentos/Trybe/ExerciciosTrybe/ProjetoTrybe/DesafioTecnico/back-end/src/Service/ListServer.ts","sources":["/home/thiago/Documentos/Trybe/ExerciciosTrybe/ProjetoTrybe/DesafioTecnico/back-end/src/Service/ListServer.ts"],"names":[],"mappings":";;;;;;;;;;;;;;;;;;;;;;;;;;;;;;;;;;;;;;AAKA;IACE,oBAAoB,SAAqB;QAArB,cAAS,GAAT,SAAS,CAAY;IAAG,CAAC;IAEhC,4BAAO,GAApB;;;;;4BACe,qBAAM,IAAI,CAAC,SAAS,CAAC,OAAO,EAAE,EAAA;;wBAArC,IAAI,GAAG,SAA8B;wBAE3C,sBAAO,IAAI,EAAC;;;;KACb;IAEY,2BAAM,GAAnB,UAAoB,IAAW;;;;;4BAChB,qBAAM,IAAI,CAAC,SAAS,CAAC,MAAM,CAAC,IAAI,CAAC,EAAA;;wBAAxC,IAAI,GAAG,SAAiC;wBAE9C,sBAAO,IAAI,EAAC;;;;KACb;IAEY,2BAAM,GAAnB,UAAoB,IAAW,EAAE,EAAU;;;;;4BACzB,qBAAM,IAAI,CAAC,SAAS,CAAC,OAAO,CAAC,EAAE,CAAC,EAAA;;wBAA1C,OAAO,GAAG,SAAgC;wBAEhD,IAAI,CAAC,OAAO,EAAE;4BACZ,sBAAO,EAAE,UAAU,EACjB,EAAE,IAAI,EAAE,GAAG,EAAE,OAAO,EAAE,WAAW,EAAE,EAAE,EAAC;yBACzC;wBAEY,qBAAM,IAAI,CAAC,SAAS,CAAC,MAAM,CAAC,IAAI,EAAE,EAAE,CAAC,EAAA;;wBAA5C,IAAI,GAAG,SAAqC;wBAElD,sBAAO,IAAI,EAAC;;;;KACb;IAEY,2BAAM,GAAnB,UAAoB,EAAU;;;;;4BACZ,qBAAM,IAAI,CAAC,SAAS,CAAC,OAAO,CAAC,EAAE,CAAC,EAAA;;wBAA1C,OAAO,GAAG,SAAgC;wBAEhD,IAAI,CAAC,OAAO,EAAE;4BACZ,sBAAO,EAAE,UAAU,EACjB,EAAE,IAAI,EAAE,GAAG,EAAE,OAAO,EAAE,WAAW,EAAE,EAAE,EAAC;yBACzC;wBAEY,qBAAM,IAAI,CAAC,SAAS,CAAC,MAAM,CAAC,EAAE,CAAC,EAAA;;wBAAtC,IAAI,GAAG,SAA+B;wBAE5C,sBAAO,IAAI,EAAC;;;;KACb;IACH,iBAAC;AAAD,CAAC,AAxCD,IAwCC","sourcesContent":["import IList from \"../Interface/list\";\nimport IListModel from \"../Interface/model\";\nimport IListService from \"../Interface/service\";\nimport IStatusCode from \"../Interface/statusCode\";\n\nexport default class ListServer implements IListService {\n  constructor(private listModel: IListModel) {}\n\n  public async findAll(): Promise<IList[]> {\n    const list = await this.listModel.findAll();\n\n    return list;\n  }\n\n  public async create(data: IList): Promise<IList> {\n    const list = await this.listModel.create(data);\n\n    return list;\n  }\n\n  public async update(data: IList, id: number): Promise<IList | IStatusCode> {\n    const checkId = await this.listModel.findOne(id);\n\n    if (!checkId) {\n      return { statusCode:\n        { code: 404, message: 'Not Found' } };\n    }\n\n    const list = await this.listModel.update(data, id);   \n\n    return list;\n  }\n\n  public async delete(id: number): Promise<IList | IStatusCode> {\n    const checkId = await this.listModel.findOne(id);\n\n    if (!checkId) {\n      return { statusCode:\n        { code: 404, message: 'Not Found' } };\n    }\n\n    const list = await this.listModel.delete(id);\n\n    return list;\n  }\n}"]},"_coverageSchema":"1a1c01bbd47fc00a2c39e90264f33305004495a9","hash":"8504bac65c17672d291524404c5fad6e6bce4c0c","contentHash":"ddeab26b1026aa5fe74a7baa63105477deae5fcb17154817966736005cbacbad"},"/home/thiago/Documentos/Trybe/ExerciciosTrybe/ProjetoTrybe/DesafioTecnico/back-end/src/tests/mocks/list.ts":{"path":"/home/thiago/Documentos/Trybe/ExerciciosTrybe/ProjetoTrybe/DesafioTecnico/back-end/src/tests/mocks/list.ts","statementMap":{"0":{"start":{"line":2,"column":0},"end":{"line":2,"column":62}},"1":{"start":{"line":3,"column":0},"end":{"line":3,"column":109}},"2":{"start":{"line":4,"column":0},"end":{"line":8,"column":2}},"3":{"start":{"line":9,"column":0},"end":{"line":13,"column":2}},"4":{"start":{"line":14,"column":0},"end":{"line":20,"column":2}},"5":{"start":{"line":21,"column":0},"end":{"line":27,"column":2}},"6":{"start":{"line":28,"column":0},"end":{"line":43,"column":2}}},"fnMap":{},"branchMap":{},"s":{"0":1,"1":1,"2":1,"3":1,"4":1,"5":1,"6":1},"f":{},"b":{},"inputSourceMap":{"version":3,"file":"/home/thiago/Documentos/Trybe/ExerciciosTrybe/ProjetoTrybe/DesafioTecnico/back-end/src/tests/mocks/list.ts","sources":["/home/thiago/Documentos/Trybe/ExerciciosTrybe/ProjetoTrybe/DesafioTecnico/back-end/src/tests/mocks/list.ts"],"names":[],"mappings":";;;AAAa,QAAA,UAAU,GAAG;IACxB,MAAM,EAAE,MAAM;IACd,QAAQ,EAAE,UAAU;IACpB,aAAa,EAAE,UAAU;CAC1B,CAAA;AAEY,QAAA,UAAU,GAAG;IACxB,MAAM,EAAE,MAAM;IACd,QAAQ,EAAE,QAAQ;IAClB,aAAa,EAAE,UAAU;CAC1B,CAAA;AAEY,QAAA,OAAO,GAAG;IACrB,IAAI,EAAE,CAAC;IACP,MAAM,EAAE,MAAM;IACd,MAAM,EAAE,0BAA0B;IAClC,QAAQ,EAAE,UAAU;IACpB,aAAa,EAAE,UAAU;CAC1B,CAAA;AAEY,QAAA,aAAa,GAAG;IAC3B,IAAI,EAAE,CAAC;IACP,MAAM,EAAE,MAAM;IACd,MAAM,EAAE,0BAA0B;IAClC,QAAQ,EAAE,QAAQ;IAClB,aAAa,EAAE,UAAU;CAC1B,CAAA;AAEY,QAAA,OAAO,GAAG;IACrB;QACE,IAAI,EAAE,CAAC;QACP,MAAM,EAAE,MAAM;QACd,MAAM,EAAE,0BAA0B;QAClC,QAAQ,EAAE,UAAU;QACpB,aAAa,EAAE,UAAU;KAC1B;IACD;QACE,IAAI,EAAE,CAAC;QACP,MAAM,EAAE,OAAO;QACf,MAAM,EAAE,0BAA0B;QAClC,QAAQ,EAAE,UAAU;QACpB,aAAa,EAAE,WAAW;KAC3B;CACF,CAAA","sourcesContent":["export const createList = {\n  \"task\": \"test\",\n  \"status\": \"Pendente\",\n  \"responsible\": \"testando\"\n}\n\nexport const updateList = {\n  \"task\": \"test\",\n  \"status\": \"Pronto\",\n  \"responsible\": \"testando\"\n}\n\nexport const listOne = {\n  \"id\": 1,\n  \"task\": \"test\",\n  \"date\": \"2022-05-13T18:09:08.859Z\",\n  \"status\": \"Pendente\",\n  \"responsible\": \"testando\"\n}\n\nexport const updateListOne = {\n  \"id\": 1,\n  \"task\": \"test\",\n  \"date\": \"2022-05-13T18:09:08.859Z\",\n  \"status\": \"Pronto\",\n  \"responsible\": \"testando\"\n}\n\nexport const listAll = [\n  {\n    \"id\": 1,\n    \"task\": \"test\",\n    \"date\": \"2022-05-13T18:09:08.859Z\",\n    \"status\": \"Pendente\",\n    \"responsible\": \"testando\"\n  },\n  {\n    \"id\": 2,\n    \"task\": \"test2\",\n    \"date\": \"2022-05-13T18:09:08.859Z\",\n    \"status\": \"Pendente\",\n    \"responsible\": \"testando2\"\n  }\n]"]},"_coverageSchema":"1a1c01bbd47fc00a2c39e90264f33305004495a9","hash":"7327a5cdca85a8f2dd47c4f8b8c74226bb20acb8","contentHash":"e59e25eff1db6590800da0647a565a45a8a261be735ede1937e38dd95d6ab024"}}